{"C:\\Users\\Radovic\\OneDrive\\Documents\\GitHub\\QA\\backend\\app.ts":{"path":"C:\\Users\\Radovic\\OneDrive\\Documents\\GitHub\\QA\\backend\\app.ts","statementMap":{"0":{"start":{"line":2,"column":22},"end":{"line":4,"column":1}},"1":{"start":{"line":3,"column":4},"end":{"line":3,"column":62}},"2":{"start":{"line":5,"column":0},"end":{"line":5,"column":62}},"3":{"start":{"line":6,"column":16},"end":{"line":6,"column":51}},"4":{"start":{"line":7,"column":13},"end":{"line":7,"column":28}},"5":{"start":{"line":8,"column":15},"end":{"line":8,"column":49}},"6":{"start":{"line":9,"column":17},"end":{"line":9,"column":53}},"7":{"start":{"line":10,"column":24},"end":{"line":10,"column":67}},"8":{"start":{"line":11,"column":20},"end":{"line":11,"column":59}},"9":{"start":{"line":12,"column":13},"end":{"line":12,"column":45}},"10":{"start":{"line":13,"column":25},"end":{"line":13,"column":69}},"11":{"start":{"line":14,"column":24},"end":{"line":14,"column":50}},"12":{"start":{"line":15,"column":13},"end":{"line":15,"column":43}},"13":{"start":{"line":16,"column":28},"end":{"line":16,"column":73}},"14":{"start":{"line":17,"column":15},"end":{"line":17,"column":47}},"15":{"start":{"line":18,"column":13},"end":{"line":18,"column":47}},"16":{"start":{"line":19,"column":20},"end":{"line":19,"column":61}},"17":{"start":{"line":20,"column":23},"end":{"line":20,"column":67}},"18":{"start":{"line":21,"column":27},"end":{"line":21,"column":75}},"19":{"start":{"line":22,"column":27},"end":{"line":22,"column":75}},"20":{"start":{"line":23,"column":20},"end":{"line":23,"column":61}},"21":{"start":{"line":24,"column":23},"end":{"line":24,"column":67}},"22":{"start":{"line":25,"column":28},"end":{"line":25,"column":77}},"23":{"start":{"line":26,"column":28},"end":{"line":26,"column":77}},"24":{"start":{"line":27,"column":24},"end":{"line":27,"column":69}},"25":{"start":{"line":28,"column":16},"end":{"line":28,"column":36}},"26":{"start":{"line":29,"column":18},"end":{"line":29,"column":65}},"27":{"start":{"line":30,"column":18},"end":{"line":30,"column":51}},"28":{"start":{"line":31,"column":0},"end":{"line":31,"column":27}},"29":{"start":{"line":32,"column":17},"end":{"line":35,"column":1}},"30":{"start":{"line":36,"column":13},"end":{"line":38,"column":2}},"31":{"start":{"line":39,"column":26},"end":{"line":42,"column":2}},"32":{"start":{"line":43,"column":10},"end":{"line":43,"column":34}},"33":{"start":{"line":49,"column":0},"end":{"line":49,"column":41}},"34":{"start":{"line":50,"column":0},"end":{"line":50,"column":38}},"35":{"start":{"line":51,"column":0},"end":{"line":51,"column":63}},"36":{"start":{"line":52,"column":0},"end":{"line":52,"column":38}},"37":{"start":{"line":53,"column":0},"end":{"line":58,"column":4}},"38":{"start":{"line":59,"column":0},"end":{"line":59,"column":41}},"39":{"start":{"line":60,"column":0},"end":{"line":60,"column":38}},"40":{"start":{"line":61,"column":0},"end":{"line":61,"column":82}},"41":{"start":{"line":66,"column":0},"end":{"line":66,"column":24}},"42":{"start":{"line":68,"column":0},"end":{"line":70,"column":1}},"43":{"start":{"line":72,"column":0},"end":{"line":74,"column":1}},"44":{"start":{"line":76,"column":0},"end":{"line":78,"column":1}},"45":{"start":{"line":80,"column":0},"end":{"line":82,"column":1}},"46":{"start":{"line":83,"column":0},"end":{"line":86,"column":4}},"47":{"start":{"line":87,"column":0},"end":{"line":87,"column":41}},"48":{"start":{"line":88,"column":0},"end":{"line":88,"column":47}},"49":{"start":{"line":89,"column":0},"end":{"line":89,"column":55}},"50":{"start":{"line":90,"column":0},"end":{"line":90,"column":55}},"51":{"start":{"line":91,"column":0},"end":{"line":91,"column":41}},"52":{"start":{"line":92,"column":0},"end":{"line":92,"column":47}},"53":{"start":{"line":93,"column":0},"end":{"line":93,"column":57}},"54":{"start":{"line":94,"column":0},"end":{"line":94,"column":57}},"55":{"start":{"line":95,"column":0},"end":{"line":95,"column":76}},"56":{"start":{"line":96,"column":0},"end":{"line":96,"column":36}}},"fnMap":{"0":{"name":"(anonymous_0)","decl":{"start":{"line":2,"column":56},"end":{"line":2,"column":57}},"loc":{"start":{"line":2,"column":71},"end":{"line":4,"column":1}},"line":2}},"branchMap":{"0":{"loc":{"start":{"line":2,"column":22},"end":{"line":4,"column":1}},"type":"binary-expr","locations":[{"start":{"line":2,"column":23},"end":{"line":2,"column":27}},{"start":{"line":2,"column":31},"end":{"line":2,"column":51}},{"start":{"line":2,"column":56},"end":{"line":4,"column":1}}],"line":2},"1":{"loc":{"start":{"line":3,"column":11},"end":{"line":3,"column":61}},"type":"cond-expr","locations":[{"start":{"line":3,"column":37},"end":{"line":3,"column":40}},{"start":{"line":3,"column":43},"end":{"line":3,"column":61}}],"line":3},"2":{"loc":{"start":{"line":3,"column":12},"end":{"line":3,"column":33}},"type":"binary-expr","locations":[{"start":{"line":3,"column":12},"end":{"line":3,"column":15}},{"start":{"line":3,"column":19},"end":{"line":3,"column":33}}],"line":3},"3":{"loc":{"start":{"line":68,"column":0},"end":{"line":70,"column":1}},"type":"if","locations":[{"start":{"line":68,"column":0},"end":{"line":70,"column":1}}],"line":68},"4":{"loc":{"start":{"line":72,"column":0},"end":{"line":74,"column":1}},"type":"if","locations":[{"start":{"line":72,"column":0},"end":{"line":74,"column":1}}],"line":72},"5":{"loc":{"start":{"line":76,"column":0},"end":{"line":78,"column":1}},"type":"if","locations":[{"start":{"line":76,"column":0},"end":{"line":78,"column":1}}],"line":76},"6":{"loc":{"start":{"line":80,"column":0},"end":{"line":82,"column":1}},"type":"if","locations":[{"start":{"line":80,"column":0},"end":{"line":82,"column":1}}],"line":80}},"s":{"0":1,"1":18,"2":1,"3":1,"4":1,"5":1,"6":1,"7":1,"8":1,"9":1,"10":1,"11":1,"12":1,"13":1,"14":1,"15":1,"16":1,"17":1,"18":1,"19":1,"20":1,"21":1,"22":1,"23":1,"24":1,"25":1,"26":1,"27":1,"28":1,"29":1,"30":1,"31":1,"32":1,"33":1,"34":1,"35":1,"36":1,"37":1,"38":1,"39":1,"40":1,"41":1,"42":1,"43":1,"44":1,"45":1,"46":1,"47":1,"48":1,"49":1,"50":1,"51":1,"52":1,"53":1,"54":1,"55":1,"56":1},"f":{"0":18},"b":{"0":[1,1,1],"1":[11,7],"2":[18,18],"3":[1],"4":[1],"5":[1],"6":[1]},"inputSourceMap":{"version":3,"file":"C:/Users/Radovic/OneDrive/Documents/GitHub/QA/backend/app.ts","sources":["C:/Users/Radovic/OneDrive/Documents/GitHub/QA/backend/app.ts"],"names":[],"mappings":";;;;;AAAA,oDAA8B;AAC9B,6BAA4B;AAC5B,kDAA4B;AAC5B,sDAAgC;AAChC,oEAAsC;AACtC,4DAAqC;AACrC,8CAAwB;AACxB,sEAAwC;AACxC,mDAA8C;AAC9C,4CAAqD;AACrD,0EAAuE;AACvE,gDAA6D;AAE7D,gDAA0B;AAC1B,8DAAuC;AACvC,oEAA6C;AAC7C,4EAAqD;AACrD,4EAAqD;AACrD,8DAAuC;AACvC,oEAA6C;AAC7C,8EAAuD;AACvD,8EAAuD;AACvD,sEAA+C;AAC/C,qCAA4F;AAC5F,kEAA4C;AAC5C,oDAAmE;AAEnE,OAAO,CAAC,QAAQ,CAAC,CAAC,MAAM,EAAE,CAAC;AAE3B,IAAM,UAAU,GAAG;IACjB,MAAM,EAAE,2BAAoB,wBAAY,CAAE;IAC1C,WAAW,EAAE,IAAI;CAClB,CAAC;AAEF,IAAM,MAAM,GAAG,IAAA,qBAAc,EAAC,IAAA,WAAI,EAAC,SAAS,EAAE,0BAA0B,CAAC,EAAE;IACzE,OAAO,EAAE,CAAC,IAAI,uCAAiB,EAAE,CAAC;CACnC,CAAC,CAAC;AAEH,IAAM,mBAAmB,GAAG,IAAA,6BAAoB,EAAC;IAC/C,MAAM,QAAA;IACN,SAAS,qBAAA;CACV,CAAC,CAAC;AAEH,IAAM,GAAG,GAAG,IAAA,iBAAO,GAAE,CAAC;AAEtB,0BAA0B;AAC1B,aAAa;AACb,IAAI,MAAM,CAAC,YAAY,EAAE;IACvB,OAAO,CAAC,2CAA2C,CAAC,CAAC,GAAG,CAAC,CAAC;CAC3D;AAED,GAAG,CAAC,GAAG,CAAC,IAAA,cAAI,EAAC,UAAU,CAAC,CAAC,CAAC;AAC1B,GAAG,CAAC,GAAG,CAAC,IAAA,gBAAM,EAAC,KAAK,CAAC,CAAC,CAAC;AACvB,GAAG,CAAC,GAAG,CAAC,qBAAU,CAAC,UAAU,CAAC,EAAE,QAAQ,EAAE,KAAK,EAAE,CAAC,CAAC,CAAC;AACpD,GAAG,CAAC,GAAG,CAAC,qBAAU,CAAC,IAAI,EAAE,CAAC,CAAC;AAE3B,GAAG,CAAC,GAAG,CACL,IAAA,yBAAO,EAAC;IACN,MAAM,EAAE,gBAAgB;IACxB,MAAM,EAAE,KAAK;IACb,iBAAiB,EAAE,KAAK;IACxB,KAAK,EAAE,SAAS;CACjB,CAAC,CACH,CAAC;AACF,GAAG,CAAC,GAAG,CAAC,kBAAQ,CAAC,UAAU,EAAE,CAAC,CAAC;AAC/B,GAAG,CAAC,GAAG,CAAC,kBAAQ,CAAC,OAAO,EAAE,CAAC,CAAC;AAE5B,GAAG,CAAC,GAAG,CAAC,0BAAQ,CAAC,UAAU,CAAC,CAAC,OAAO,CAAC,GAAG,CAAC,oBAAqB,CAAC,CAAC,CAAC;AAEjE,0BAA0B;AAC1B,IAAI,OAAO,CAAC,GAAG,CAAC,QAAQ,KAAK,MAAM,IAAI,OAAO,CAAC,GAAG,CAAC,QAAQ,KAAK,aAAa,EAAE;IAC7E,GAAG,CAAC,GAAG,CAAC,WAAW,EAAE,yBAAc,CAAC,CAAC;CACtC;AAED,GAAG,CAAC,GAAG,CAAC,cAAI,CAAC,CAAC;AAEd,wBAAwB;AACxB,IAAI,OAAO,CAAC,GAAG,CAAC,eAAe,EAAE;IAC/B,GAAG,CAAC,GAAG,CAAC,uBAAa,CAAC,CAAC;CACxB;AAED,wBAAwB;AACxB,IAAI,OAAO,CAAC,GAAG,CAAC,cAAc,EAAE;IAC9B,GAAG,CAAC,GAAG,CAAC,yBAAe,CAAC,CAAC;CAC1B;AAED,wBAAwB;AACxB,IAAI,OAAO,CAAC,GAAG,CAAC,qBAAqB,EAAE;IACrC,GAAG,CAAC,GAAG,CAAC,yBAAe,CAAC,CAAC;CAC1B;AAED,wBAAwB;AACxB,IAAI,OAAO,CAAC,GAAG,CAAC,gBAAgB,EAAE;IAChC,GAAG,CAAC,GAAG,CAAC,wBAAc,CAAC,CAAC;CACzB;AAED,GAAG,CAAC,GAAG,CACL,UAAU,EACV,IAAA,6BAAW,EAAC;IACV,MAAM,EAAE,mBAAmB;IAC3B,QAAQ,EAAE,IAAI;CACf,CAAC,CACH,CAAC;AAEF,GAAG,CAAC,GAAG,CAAC,QAAQ,EAAE,qBAAU,CAAC,CAAC;AAC9B,GAAG,CAAC,GAAG,CAAC,WAAW,EAAE,wBAAa,CAAC,CAAC;AACpC,GAAG,CAAC,GAAG,CAAC,eAAe,EAAE,4BAAiB,CAAC,CAAC;AAC5C,GAAG,CAAC,GAAG,CAAC,eAAe,EAAE,4BAAiB,CAAC,CAAC;AAC5C,GAAG,CAAC,GAAG,CAAC,QAAQ,EAAE,qBAAU,CAAC,CAAC;AAC9B,GAAG,CAAC,GAAG,CAAC,WAAW,EAAE,wBAAa,CAAC,CAAC;AACpC,GAAG,CAAC,GAAG,CAAC,gBAAgB,EAAE,6BAAkB,CAAC,CAAC;AAC9C,GAAG,CAAC,GAAG,CAAC,gBAAgB,EAAE,6BAAkB,CAAC,CAAC;AAE9C,GAAG,CAAC,GAAG,CAAC,iBAAO,CAAC,MAAM,CAAC,IAAA,WAAI,EAAC,SAAS,EAAE,WAAW,CAAC,CAAC,CAAC,CAAC;AAEtD,GAAG,CAAC,MAAM,CAAC,uBAAW,CAAC,CAAC","sourcesContent":["import express from \"express\";\r\nimport { join } from \"path\";\r\nimport logger from \"morgan\";\r\nimport passport from \"passport\";\r\nimport session from \"express-session\";\r\nimport bodyParser from \"body-parser\";\r\nimport cors from \"cors\";\r\nimport paginate from \"express-paginate\";\r\nimport { graphqlHTTP } from \"express-graphql\";\r\nimport { loadSchemaSync } from \"@graphql-tools/load\";\r\nimport { GraphQLFileLoader } from \"@graphql-tools/graphql-file-loader\";\r\nimport { addResolversToSchema } from \"@graphql-tools/schema\";\r\n\r\nimport auth from \"./auth\";\r\nimport userRoutes from \"./user-routes\";\r\nimport contactRoutes from \"./contact-routes\";\r\nimport bankAccountRoutes from \"./bankaccount-routes\";\r\nimport transactionRoutes from \"./transaction-routes\";\r\nimport likeRoutes from \"./like-routes\";\r\nimport commentRoutes from \"./comment-routes\";\r\nimport notificationRoutes from \"./notification-routes\";\r\nimport bankTransferRoutes from \"./banktransfer-routes\";\r\nimport testDataRoutes from \"./testdata-routes\";\r\nimport { checkAuth0Jwt, verifyOktaToken, checkCognitoJwt, checkGoogleJwt } from \"./helpers\";\r\nimport resolvers from \"./graphql/resolvers\";\r\nimport { frontendPort, backendPort } from \"../src/utils/portUtils\";\r\n\r\nrequire(\"dotenv\").config();\r\n\r\nconst corsOption = {\r\n  origin: `http://localhost:${frontendPort}`,\r\n  credentials: true,\r\n};\r\n\r\nconst schema = loadSchemaSync(join(__dirname, \"./graphql/schema.graphql\"), {\r\n  loaders: [new GraphQLFileLoader()],\r\n});\r\n\r\nconst schemaWithResolvers = addResolversToSchema({\r\n  schema,\r\n  resolvers,\r\n});\r\n\r\nconst app = express();\r\n\r\n/* istanbul ignore next */\r\n// @ts-ignore\r\nif (global.__coverage__) {\r\n  require(\"@cypress/code-coverage/middleware/express\")(app);\r\n}\r\n\r\napp.use(cors(corsOption));\r\napp.use(logger(\"dev\"));\r\napp.use(bodyParser.urlencoded({ extended: false }));\r\napp.use(bodyParser.json());\r\n\r\napp.use(\r\n  session({\r\n    secret: \"session secret\",\r\n    resave: false,\r\n    saveUninitialized: false,\r\n    unset: \"destroy\",\r\n  })\r\n);\r\napp.use(passport.initialize());\r\napp.use(passport.session());\r\n\r\napp.use(paginate.middleware(+process.env.PAGINATION_PAGE_SIZE!));\r\n\r\n/* istanbul ignore next */\r\nif (process.env.NODE_ENV === \"test\" || process.env.NODE_ENV === \"development\") {\r\n  app.use(\"/testData\", testDataRoutes);\r\n}\r\n\r\napp.use(auth);\r\n\r\n/* istanbul ignore if */\r\nif (process.env.REACT_APP_AUTH0) {\r\n  app.use(checkAuth0Jwt);\r\n}\r\n\r\n/* istanbul ignore if */\r\nif (process.env.REACT_APP_OKTA) {\r\n  app.use(verifyOktaToken);\r\n}\r\n\r\n/* istanbul ignore if */\r\nif (process.env.REACT_APP_AWS_COGNITO) {\r\n  app.use(checkCognitoJwt);\r\n}\r\n\r\n/* istanbul ignore if */\r\nif (process.env.REACT_APP_GOOGLE) {\r\n  app.use(checkGoogleJwt);\r\n}\r\n\r\napp.use(\r\n  \"/graphql\",\r\n  graphqlHTTP({\r\n    schema: schemaWithResolvers,\r\n    graphiql: true,\r\n  })\r\n);\r\n\r\napp.use(\"/users\", userRoutes);\r\napp.use(\"/contacts\", contactRoutes);\r\napp.use(\"/bankAccounts\", bankAccountRoutes);\r\napp.use(\"/transactions\", transactionRoutes);\r\napp.use(\"/likes\", likeRoutes);\r\napp.use(\"/comments\", commentRoutes);\r\napp.use(\"/notifications\", notificationRoutes);\r\napp.use(\"/bankTransfers\", bankTransferRoutes);\r\n\r\napp.use(express.static(join(__dirname, \"../public\")));\r\n\r\napp.listen(backendPort);\r\n"]},"_coverageSchema":"1a1c01bbd47fc00a2c39e90264f33305004495a9","hash":"d35f6d8c1895dde121321a031d80d37dc79a4ddd","contentHash":"e616ecdee1ad3ee0d60fedb3dbcb7faffc11a4a7b1c4ceefc18cd0220b132960"},"C:\\Users\\Radovic\\OneDrive\\Documents\\GitHub\\QA\\backend\\auth.ts":{"path":"C:\\Users\\Radovic\\OneDrive\\Documents\\GitHub\\QA\\backend\\auth.ts","statementMap":{"0":{"start":{"line":2,"column":22},"end":{"line":4,"column":1}},"1":{"start":{"line":3,"column":4},"end":{"line":3,"column":62}},"2":{"start":{"line":5,"column":0},"end":{"line":5,"column":62}},"3":{"start":{"line":6,"column":17},"end":{"line":6,"column":53}},"4":{"start":{"line":7,"column":17},"end":{"line":7,"column":53}},"5":{"start":{"line":8,"column":16},"end":{"line":8,"column":51}},"6":{"start":{"line":9,"column":17},"end":{"line":9,"column":38}},"7":{"start":{"line":10,"column":20},"end":{"line":10,"column":54}},"8":{"start":{"line":11,"column":13},"end":{"line":11,"column":39}},"9":{"start":{"line":13,"column":0},"end":{"line":24,"column":4}},"10":{"start":{"line":14,"column":15},"end":{"line":14,"column":62}},"11":{"start":{"line":15,"column":25},"end":{"line":15,"column":58}},"12":{"start":{"line":16,"column":4},"end":{"line":18,"column":5}},"13":{"start":{"line":17,"column":8},"end":{"line":17,"column":62}},"14":{"start":{"line":20,"column":4},"end":{"line":22,"column":5}},"15":{"start":{"line":21,"column":8},"end":{"line":21,"column":62}},"16":{"start":{"line":23,"column":4},"end":{"line":23,"column":28}},"17":{"start":{"line":25,"column":0},"end":{"line":27,"column":3}},"18":{"start":{"line":26,"column":4},"end":{"line":26,"column":24}},"19":{"start":{"line":28,"column":0},"end":{"line":31,"column":3}},"20":{"start":{"line":29,"column":15},"end":{"line":29,"column":46}},"21":{"start":{"line":30,"column":4},"end":{"line":30,"column":21}},"22":{"start":{"line":33,"column":0},"end":{"line":41,"column":3}},"23":{"start":{"line":34,"column":4},"end":{"line":39,"column":5}},"24":{"start":{"line":35,"column":8},"end":{"line":35,"column":61}},"25":{"start":{"line":38,"column":8},"end":{"line":38,"column":47}},"26":{"start":{"line":40,"column":4},"end":{"line":40,"column":33}},"27":{"start":{"line":42,"column":0},"end":{"line":48,"column":3}},"28":{"start":{"line":43,"column":4},"end":{"line":43,"column":35}},"29":{"start":{"line":44,"column":4},"end":{"line":44,"column":17}},"30":{"start":{"line":45,"column":4},"end":{"line":47,"column":7}},"31":{"start":{"line":46,"column":8},"end":{"line":46,"column":26}},"32":{"start":{"line":49,"column":0},"end":{"line":57,"column":3}},"33":{"start":{"line":58,"column":0},"end":{"line":58,"column":25}}},"fnMap":{"0":{"name":"(anonymous_0)","decl":{"start":{"line":2,"column":56},"end":{"line":2,"column":57}},"loc":{"start":{"line":2,"column":71},"end":{"line":4,"column":1}},"line":2},"1":{"name":"(anonymous_1)","decl":{"start":{"line":13,"column":41},"end":{"line":13,"column":42}},"loc":{"start":{"line":13,"column":77},"end":{"line":24,"column":1}},"line":13},"2":{"name":"(anonymous_2)","decl":{"start":{"line":25,"column":33},"end":{"line":25,"column":34}},"loc":{"start":{"line":25,"column":55},"end":{"line":27,"column":1}},"line":25},"3":{"name":"(anonymous_3)","decl":{"start":{"line":28,"column":35},"end":{"line":28,"column":36}},"loc":{"start":{"line":28,"column":55},"end":{"line":31,"column":1}},"line":28},"4":{"name":"(anonymous_4)","decl":{"start":{"line":33,"column":64},"end":{"line":33,"column":65}},"loc":{"start":{"line":33,"column":84},"end":{"line":41,"column":1}},"line":33},"5":{"name":"(anonymous_5)","decl":{"start":{"line":42,"column":23},"end":{"line":42,"column":24}},"loc":{"start":{"line":42,"column":43},"end":{"line":48,"column":1}},"line":42},"6":{"name":"(anonymous_6)","decl":{"start":{"line":45,"column":24},"end":{"line":45,"column":25}},"loc":{"start":{"line":45,"column":39},"end":{"line":47,"column":5}},"line":45},"7":{"name":"(anonymous_7)","decl":{"start":{"line":49,"column":25},"end":{"line":49,"column":26}},"loc":{"start":{"line":49,"column":45},"end":{"line":57,"column":1}},"line":49}},"branchMap":{"0":{"loc":{"start":{"line":2,"column":22},"end":{"line":4,"column":1}},"type":"binary-expr","locations":[{"start":{"line":2,"column":23},"end":{"line":2,"column":27}},{"start":{"line":2,"column":31},"end":{"line":2,"column":51}},{"start":{"line":2,"column":56},"end":{"line":4,"column":1}}],"line":2},"1":{"loc":{"start":{"line":3,"column":11},"end":{"line":3,"column":61}},"type":"cond-expr","locations":[{"start":{"line":3,"column":37},"end":{"line":3,"column":40}},{"start":{"line":3,"column":43},"end":{"line":3,"column":61}}],"line":3},"2":{"loc":{"start":{"line":3,"column":12},"end":{"line":3,"column":33}},"type":"binary-expr","locations":[{"start":{"line":3,"column":12},"end":{"line":3,"column":15}},{"start":{"line":3,"column":19},"end":{"line":3,"column":33}}],"line":3},"3":{"loc":{"start":{"line":16,"column":4},"end":{"line":18,"column":5}},"type":"if","locations":[{"start":{"line":16,"column":4},"end":{"line":18,"column":5}},{"start":{"line":16,"column":4},"end":{"line":18,"column":5}}],"line":16},"4":{"loc":{"start":{"line":20,"column":4},"end":{"line":22,"column":5}},"type":"if","locations":[{"start":{"line":20,"column":4},"end":{"line":22,"column":5}},{"start":{"line":20,"column":4},"end":{"line":22,"column":5}}],"line":20},"5":{"loc":{"start":{"line":34,"column":4},"end":{"line":39,"column":5}},"type":"if","locations":[{"start":{"line":34,"column":4},"end":{"line":39,"column":5}},{"start":{"line":34,"column":4},"end":{"line":39,"column":5}}],"line":34}},"s":{"0":1,"1":3,"2":1,"3":1,"4":1,"5":1,"6":1,"7":1,"8":1,"9":1,"10":0,"11":0,"12":0,"13":0,"14":0,"15":0,"16":0,"17":1,"18":0,"19":1,"20":0,"21":0,"22":1,"23":0,"24":0,"25":0,"26":0,"27":1,"28":0,"29":0,"30":0,"31":0,"32":1,"33":1},"f":{"0":3,"1":0,"2":0,"3":0,"4":0,"5":0,"6":0,"7":0},"b":{"0":[1,1,1],"1":[0,3],"2":[3,3],"3":[0,0],"4":[0,0],"5":[0,0]},"inputSourceMap":{"version":3,"file":"C:/Users/Radovic/OneDrive/Documents/GitHub/QA/backend/auth.ts","sources":["C:/Users/Radovic/OneDrive/Documents/GitHub/QA/backend/auth.ts"],"names":[],"mappings":";;;;;AAAA,sDAA8B;AAC9B,sDAAgC;AAChC,oDAAqD;AAErD,uCAAoD;AAEpD,IAAM,aAAa,GAAG,OAAO,CAAC,gBAAgB,CAAC,CAAC,QAAQ,CAAC;AACzD,IAAM,MAAM,GAAG,iBAAO,CAAC,MAAM,EAAE,CAAC;AAEhC,wCAAwC;AACxC,kBAAQ,CAAC,GAAG,CACV,IAAI,aAAa,CAAC,UAAU,QAAgB,EAAE,QAAgB,EAAE,IAAc;IAC5E,IAAM,IAAI,GAAG,IAAA,oBAAS,EAAC,UAAU,EAAE,QAAQ,CAAC,CAAC;IAE7C,IAAM,cAAc,GAAG,iCAAiC,CAAC;IACzD,IAAI,CAAC,IAAI,EAAE;QACT,OAAO,IAAI,CAAC,IAAI,EAAE,KAAK,EAAE,EAAE,OAAO,EAAE,cAAc,EAAE,CAAC,CAAC;KACvD;IAED,oBAAoB;IACpB,IAAI,CAAC,kBAAM,CAAC,WAAW,CAAC,QAAQ,EAAE,IAAI,CAAC,QAAQ,CAAC,EAAE;QAChD,OAAO,IAAI,CAAC,IAAI,EAAE,KAAK,EAAE,EAAE,OAAO,EAAE,cAAc,EAAE,CAAC,CAAC;KACvD;IAED,OAAO,IAAI,CAAC,IAAI,EAAE,IAAI,CAAC,CAAC;AAC1B,CAAC,CAAC,CACH,CAAC;AAEF,kBAAQ,CAAC,aAAa,CAAC,UAAU,IAAU,EAAE,IAAI;IAC/C,IAAI,CAAC,IAAI,EAAE,IAAI,CAAC,EAAE,CAAC,CAAC;AACtB,CAAC,CAAC,CAAC;AAEH,kBAAQ,CAAC,eAAe,CAAC,UAAU,EAAU,EAAE,IAAI;IACjD,IAAM,IAAI,GAAG,IAAA,sBAAW,EAAC,EAAE,CAAC,CAAC;IAC7B,IAAI,CAAC,IAAI,EAAE,IAAI,CAAC,CAAC;AACnB,CAAC,CAAC,CAAC;AAEH,wBAAwB;AACxB,MAAM,CAAC,IAAI,CAAC,QAAQ,EAAE,kBAAQ,CAAC,YAAY,CAAC,OAAO,CAAC,EAAE,UAAC,GAAY,EAAE,GAAa;IAChF,IAAI,GAAG,CAAC,IAAI,CAAC,QAAQ,EAAE;QACrB,GAAG,CAAC,OAAQ,CAAC,MAAM,CAAC,MAAM,GAAG,EAAE,GAAG,EAAE,GAAG,EAAE,GAAG,IAAI,GAAG,EAAE,CAAC,CAAC,oBAAoB;KAC5E;SAAM;QACL,GAAG,CAAC,OAAQ,CAAC,MAAM,CAAC,OAAO,GAAG,SAAS,CAAC;KACzC;IAED,GAAG,CAAC,IAAI,CAAC,EAAE,IAAI,EAAE,GAAG,CAAC,IAAI,EAAE,CAAC,CAAC;AAC/B,CAAC,CAAC,CAAC;AAEH,MAAM,CAAC,IAAI,CAAC,SAAS,EAAE,UAAC,GAAY,EAAE,GAAa;IACjD,GAAG,CAAC,WAAW,CAAC,aAAa,CAAC,CAAC;IAC/B,GAAG,CAAC,MAAM,EAAE,CAAC;IACb,GAAG,CAAC,OAAQ,CAAC,OAAO,CAAC,UAAU,GAAG;QAChC,GAAG,CAAC,QAAQ,CAAC,GAAG,CAAC,CAAC;IACpB,CAAC,CAAC,CAAC;AACL,CAAC,CAAC,CAAC;AAEH,MAAM,CAAC,GAAG,CAAC,YAAY,EAAE,UAAC,GAAG,EAAE,GAAG;IAChC,0BAA0B;IAC1B,IAAI,CAAC,GAAG,CAAC,IAAI,EAAE;QACb,GAAG,CAAC,MAAM,CAAC,GAAG,CAAC,CAAC,IAAI,CAAC,EAAE,KAAK,EAAE,sBAAsB,EAAE,CAAC,CAAC;KACzD;SAAM;QACL,GAAG,CAAC,MAAM,CAAC,GAAG,CAAC,CAAC,IAAI,CAAC,EAAE,IAAI,EAAE,GAAG,CAAC,IAAI,EAAE,CAAC,CAAC;KAC1C;AACH,CAAC,CAAC,CAAC;AAEH,kBAAe,MAAM,CAAC","sourcesContent":["import bcrypt from \"bcryptjs\";\r\nimport passport from \"passport\";\r\nimport express, { Request, Response } from \"express\";\r\nimport { User } from \"../src/models/user\";\r\nimport { getUserBy, getUserById } from \"./database\";\r\n\r\nconst LocalStrategy = require(\"passport-local\").Strategy;\r\nconst router = express.Router();\r\n\r\n// configure passport for local strategy\r\npassport.use(\r\n  new LocalStrategy(function (username: string, password: string, done: Function) {\r\n    const user = getUserBy(\"username\", username);\r\n\r\n    const failureMessage = \"Incorrect username or password.\";\r\n    if (!user) {\r\n      return done(null, false, { message: failureMessage });\r\n    }\r\n\r\n    // validate password\r\n    if (!bcrypt.compareSync(password, user.password)) {\r\n      return done(null, false, { message: failureMessage });\r\n    }\r\n\r\n    return done(null, user);\r\n  })\r\n);\r\n\r\npassport.serializeUser(function (user: User, done) {\r\n  done(null, user.id);\r\n});\r\n\r\npassport.deserializeUser(function (id: string, done) {\r\n  const user = getUserById(id);\r\n  done(null, user);\r\n});\r\n\r\n// authentication routes\r\nrouter.post(\"/login\", passport.authenticate(\"local\"), (req: Request, res: Response): void => {\r\n  if (req.body.remember) {\r\n    req.session!.cookie.maxAge = 24 * 60 * 60 * 1000 * 30; // Expire in 30 days\r\n  } else {\r\n    req.session!.cookie.expires = undefined;\r\n  }\r\n\r\n  res.send({ user: req.user });\r\n});\r\n\r\nrouter.post(\"/logout\", (req: Request, res: Response): void => {\r\n  res.clearCookie(\"connect.sid\");\r\n  req.logout();\r\n  req.session!.destroy(function (err) {\r\n    res.redirect(\"/\");\r\n  });\r\n});\r\n\r\nrouter.get(\"/checkAuth\", (req, res) => {\r\n  /* istanbul ignore next */\r\n  if (!req.user) {\r\n    res.status(401).json({ error: \"User is unauthorized\" });\r\n  } else {\r\n    res.status(200).json({ user: req.user });\r\n  }\r\n});\r\n\r\nexport default router;\r\n"]},"_coverageSchema":"1a1c01bbd47fc00a2c39e90264f33305004495a9","hash":"a99f4a612d62ecb09e9ba0e2feeb3ef6099a2616","contentHash":"3a7aa25b62c2bb5f57fe3cd688ef87d9a332819c8dc965225ef522c1bad51bfe"},"C:\\Users\\Radovic\\OneDrive\\Documents\\GitHub\\QA\\backend\\database.ts":{"path":"C:\\Users\\Radovic\\OneDrive\\Documents\\GitHub\\QA\\backend\\database.ts","statementMap":{"0":{"start":{"line":2,"column":15},"end":{"line":12,"column":1}},"1":{"start":{"line":3,"column":4},"end":{"line":10,"column":6}},"2":{"start":{"line":4,"column":8},"end":{"line":8,"column":9}},"3":{"start":{"line":4,"column":24},"end":{"line":4,"column":25}},"4":{"start":{"line":4,"column":31},"end":{"line":4,"column":47}},"5":{"start":{"line":5,"column":12},"end":{"line":5,"column":29}},"6":{"start":{"line":6,"column":12},"end":{"line":7,"column":28}},"7":{"start":{"line":6,"column":29},"end":{"line":7,"column":28}},"8":{"start":{"line":7,"column":16},"end":{"line":7,"column":28}},"9":{"start":{"line":9,"column":8},"end":{"line":9,"column":17}},"10":{"start":{"line":11,"column":4},"end":{"line":11,"column":43}},"11":{"start":{"line":13,"column":22},"end":{"line":15,"column":1}},"12":{"start":{"line":14,"column":4},"end":{"line":14,"column":62}},"13":{"start":{"line":16,"column":0},"end":{"line":16,"column":62}},"14":{"start":{"line":17,"column":0},"end":{"line":17,"column":1457}},"15":{"start":{"line":18,"column":0},"end":{"line":18,"column":1367}},"16":{"start":{"line":19,"column":13},"end":{"line":19,"column":45}},"17":{"start":{"line":20,"column":17},"end":{"line":20,"column":53}},"18":{"start":{"line":21,"column":11},"end":{"line":21,"column":41}},"19":{"start":{"line":22,"column":13},"end":{"line":22,"column":28}},"20":{"start":{"line":23,"column":11},"end":{"line":23,"column":31}},"21":{"start":{"line":24,"column":17},"end":{"line":24,"column":36}},"22":{"start":{"line":25,"column":14},"end":{"line":25,"column":47}},"23":{"start":{"line":26,"column":17},"end":{"line":26,"column":68}},"24":{"start":{"line":27,"column":16},"end":{"line":27,"column":51}},"25":{"start":{"line":28,"column":15},"end":{"line":28,"column":39}},"26":{"start":{"line":29,"column":16},"end":{"line":29,"column":51}},"27":{"start":{"line":30,"column":25},"end":{"line":30,"column":65}},"28":{"start":{"line":31,"column":17},"end":{"line":31,"column":24}},"29":{"start":{"line":32,"column":20},"end":{"line":32,"column":30}},"30":{"start":{"line":33,"column":25},"end":{"line":33,"column":39}},"31":{"start":{"line":34,"column":24},"end":{"line":34,"column":38}},"32":{"start":{"line":35,"column":17},"end":{"line":35,"column":24}},"33":{"start":{"line":36,"column":20},"end":{"line":36,"column":30}},"34":{"start":{"line":37,"column":25},"end":{"line":37,"column":40}},"35":{"start":{"line":38,"column":26},"end":{"line":38,"column":41}},"36":{"start":{"line":39,"column":19},"end":{"line":39,"column":74}},"37":{"start":{"line":40,"column":14},"end":{"line":40,"column":50}},"38":{"start":{"line":41,"column":9},"end":{"line":41,"column":38}},"39":{"start":{"line":42,"column":19},"end":{"line":47,"column":1}},"40":{"start":{"line":43,"column":19},"end":{"line":43,"column":131}},"41":{"start":{"line":45,"column":4},"end":{"line":45,"column":34}},"42":{"start":{"line":46,"column":4},"end":{"line":46,"column":11}},"43":{"start":{"line":48,"column":0},"end":{"line":48,"column":36}},"44":{"start":{"line":49,"column":18},"end":{"line":49,"column":68}},"45":{"start":{"line":49,"column":32},"end":{"line":49,"column":66}},"46":{"start":{"line":50,"column":0},"end":{"line":50,"column":34}},"47":{"start":{"line":51,"column":31},"end":{"line":53,"column":1}},"48":{"start":{"line":52,"column":4},"end":{"line":52,"column":107}},"49":{"start":{"line":54,"column":0},"end":{"line":54,"column":60}},"50":{"start":{"line":55,"column":22},"end":{"line":55,"column":74}},"51":{"start":{"line":55,"column":42},"end":{"line":55,"column":72}},"52":{"start":{"line":56,"column":0},"end":{"line":56,"column":42}},"53":{"start":{"line":57,"column":15},"end":{"line":65,"column":1}},"54":{"start":{"line":59,"column":17},"end":{"line":63,"column":16}},"55":{"start":{"line":64,"column":4},"end":{"line":64,"column":18}},"56":{"start":{"line":66,"column":0},"end":{"line":66,"column":28}},"57":{"start":{"line":67,"column":12},"end":{"line":75,"column":1}},"58":{"start":{"line":69,"column":17},"end":{"line":73,"column":16}},"59":{"start":{"line":74,"column":4},"end":{"line":74,"column":18}},"60":{"start":{"line":76,"column":0},"end":{"line":76,"column":22}},"61":{"start":{"line":77,"column":18},"end":{"line":84,"column":1}},"62":{"start":{"line":78,"column":17},"end":{"line":82,"column":16}},"63":{"start":{"line":83,"column":4},"end":{"line":83,"column":18}},"64":{"start":{"line":85,"column":0},"end":{"line":85,"column":34}},"65":{"start":{"line":87,"column":23},"end":{"line":87,"column":86}},"66":{"start":{"line":87,"column":42},"end":{"line":87,"column":84}},"67":{"start":{"line":88,"column":0},"end":{"line":88,"column":44}},"68":{"start":{"line":89,"column":0},"end":{"line":92,"column":3}},"69":{"start":{"line":90,"column":15},"end":{"line":90,"column":52}},"70":{"start":{"line":91,"column":4},"end":{"line":91,"column":30}},"71":{"start":{"line":93,"column":20},"end":{"line":95,"column":1}},"72":{"start":{"line":94,"column":4},"end":{"line":94,"column":159}},"73":{"start":{"line":94,"column":128},"end":{"line":94,"column":147}},"74":{"start":{"line":96,"column":0},"end":{"line":96,"column":38}},"75":{"start":{"line":97,"column":18},"end":{"line":102,"column":1}},"76":{"start":{"line":98,"column":16},"end":{"line":98,"column":42}},"77":{"start":{"line":99,"column":4},"end":{"line":101,"column":14}},"78":{"start":{"line":103,"column":0},"end":{"line":103,"column":34}},"79":{"start":{"line":104,"column":28},"end":{"line":106,"column":1}},"80":{"start":{"line":105,"column":4},"end":{"line":105,"column":53}},"81":{"start":{"line":107,"column":0},"end":{"line":107,"column":54}},"82":{"start":{"line":110,"column":16},"end":{"line":110,"column":92}},"83":{"start":{"line":110,"column":40},"end":{"line":110,"column":90}},"84":{"start":{"line":111,"column":0},"end":{"line":111,"column":30}},"85":{"start":{"line":112,"column":16},"end":{"line":112,"column":51}},"86":{"start":{"line":112,"column":34},"end":{"line":112,"column":49}},"87":{"start":{"line":113,"column":0},"end":{"line":113,"column":30}},"88":{"start":{"line":114,"column":18},"end":{"line":114,"column":76}},"89":{"start":{"line":114,"column":34},"end":{"line":114,"column":74}},"90":{"start":{"line":115,"column":0},"end":{"line":115,"column":34}},"91":{"start":{"line":116,"column":24},"end":{"line":116,"column":100}},"92":{"start":{"line":116,"column":46},"end":{"line":116,"column":98}},"93":{"start":{"line":117,"column":0},"end":{"line":117,"column":46}},"94":{"start":{"line":118,"column":17},"end":{"line":137,"column":1}},"95":{"start":{"line":119,"column":19},"end":{"line":119,"column":72}},"96":{"start":{"line":120,"column":15},"end":{"line":134,"column":5}},"97":{"start":{"line":135,"column":4},"end":{"line":135,"column":19}},"98":{"start":{"line":136,"column":4},"end":{"line":136,"column":16}},"99":{"start":{"line":138,"column":0},"end":{"line":138,"column":32}},"100":{"start":{"line":139,"column":15},"end":{"line":141,"column":1}},"101":{"start":{"line":140,"column":4},"end":{"line":140,"column":42}},"102":{"start":{"line":142,"column":21},"end":{"line":145,"column":1}},"103":{"start":{"line":143,"column":15},"end":{"line":143,"column":47}},"104":{"start":{"line":144,"column":4},"end":{"line":144,"column":56}},"105":{"start":{"line":146,"column":0},"end":{"line":146,"column":40}},"106":{"start":{"line":148,"column":19},"end":{"line":148,"column":98}},"107":{"start":{"line":148,"column":43},"end":{"line":148,"column":96}},"108":{"start":{"line":149,"column":0},"end":{"line":149,"column":36}},"109":{"start":{"line":150,"column":20},"end":{"line":150,"column":102}},"110":{"start":{"line":150,"column":44},"end":{"line":150,"column":100}},"111":{"start":{"line":151,"column":0},"end":{"line":151,"column":38}},"112":{"start":{"line":152,"column":28},"end":{"line":154,"column":1}},"113":{"start":{"line":153,"column":4},"end":{"line":153,"column":111}},"114":{"start":{"line":155,"column":0},"end":{"line":155,"column":54}},"115":{"start":{"line":156,"column":26},"end":{"line":156,"column":100}},"116":{"start":{"line":156,"column":46},"end":{"line":156,"column":98}},"117":{"start":{"line":157,"column":0},"end":{"line":157,"column":50}},"118":{"start":{"line":158,"column":20},"end":{"line":162,"column":1}},"119":{"start":{"line":159,"column":4},"end":{"line":159,"column":48}},"120":{"start":{"line":161,"column":4},"end":{"line":161,"column":55}},"121":{"start":{"line":163,"column":0},"end":{"line":163,"column":38}},"122":{"start":{"line":164,"column":24},"end":{"line":167,"column":1}},"123":{"start":{"line":165,"column":18},"end":{"line":165,"column":60}},"124":{"start":{"line":166,"column":4},"end":{"line":166,"column":50}},"125":{"start":{"line":168,"column":0},"end":{"line":168,"column":46}},"126":{"start":{"line":169,"column":27},"end":{"line":182,"column":1}},"127":{"start":{"line":170,"column":20},"end":{"line":170,"column":44}},"128":{"start":{"line":171,"column":18},"end":{"line":178,"column":5}},"129":{"start":{"line":180,"column":17},"end":{"line":180,"column":52}},"130":{"start":{"line":181,"column":4},"end":{"line":181,"column":18}},"131":{"start":{"line":183,"column":0},"end":{"line":183,"column":52}},"132":{"start":{"line":185,"column":23},"end":{"line":185,"column":107}},"133":{"start":{"line":185,"column":47},"end":{"line":185,"column":105}},"134":{"start":{"line":186,"column":0},"end":{"line":186,"column":44}},"135":{"start":{"line":187,"column":25},"end":{"line":187,"column":90}},"136":{"start":{"line":187,"column":41},"end":{"line":187,"column":88}},"137":{"start":{"line":188,"column":0},"end":{"line":188,"column":48}},"138":{"start":{"line":189,"column":24},"end":{"line":191,"column":1}},"139":{"start":{"line":190,"column":4},"end":{"line":190,"column":65}},"140":{"start":{"line":192,"column":0},"end":{"line":192,"column":46}},"141":{"start":{"line":193,"column":24},"end":{"line":197,"column":1}},"142":{"start":{"line":194,"column":4},"end":{"line":194,"column":57}},"143":{"start":{"line":196,"column":4},"end":{"line":196,"column":63}},"144":{"start":{"line":198,"column":0},"end":{"line":198,"column":46}},"145":{"start":{"line":199,"column":31},"end":{"line":215,"column":1}},"146":{"start":{"line":200,"column":20},"end":{"line":200,"column":44}},"147":{"start":{"line":201,"column":22},"end":{"line":211,"column":5}},"148":{"start":{"line":213,"column":17},"end":{"line":213,"column":60}},"149":{"start":{"line":214,"column":4},"end":{"line":214,"column":18}},"150":{"start":{"line":216,"column":0},"end":{"line":216,"column":60}},"151":{"start":{"line":217,"column":28},"end":{"line":222,"column":1}},"152":{"start":{"line":218,"column":4},"end":{"line":221,"column":17}},"153":{"start":{"line":223,"column":0},"end":{"line":223,"column":54}},"154":{"start":{"line":231,"column":0},"end":{"line":231,"column":46}},"155":{"start":{"line":232,"column":25},"end":{"line":234,"column":1}},"156":{"start":{"line":233,"column":4},"end":{"line":233,"column":66}},"157":{"start":{"line":235,"column":0},"end":{"line":235,"column":48}},"158":{"start":{"line":236,"column":31},"end":{"line":236,"column":110}},"159":{"start":{"line":236,"column":51},"end":{"line":236,"column":108}},"160":{"start":{"line":237,"column":0},"end":{"line":237,"column":60}},"161":{"start":{"line":244,"column":0},"end":{"line":244,"column":48}},"162":{"start":{"line":252,"column":23},"end":{"line":252,"column":106}},"163":{"start":{"line":252,"column":47},"end":{"line":252,"column":104}},"164":{"start":{"line":253,"column":0},"end":{"line":253,"column":44}},"165":{"start":{"line":254,"column":25},"end":{"line":254,"column":90}},"166":{"start":{"line":254,"column":41},"end":{"line":254,"column":88}},"167":{"start":{"line":255,"column":0},"end":{"line":255,"column":48}},"168":{"start":{"line":256,"column":27},"end":{"line":256,"column":106}},"169":{"start":{"line":256,"column":46},"end":{"line":256,"column":104}},"170":{"start":{"line":257,"column":0},"end":{"line":257,"column":52}},"171":{"start":{"line":258,"column":31},"end":{"line":260,"column":1}},"172":{"start":{"line":259,"column":4},"end":{"line":259,"column":97}},"173":{"start":{"line":261,"column":0},"end":{"line":261,"column":60}},"174":{"start":{"line":262,"column":35},"end":{"line":264,"column":1}},"175":{"start":{"line":263,"column":4},"end":{"line":263,"column":125}},"176":{"start":{"line":265,"column":0},"end":{"line":265,"column":68}},"177":{"start":{"line":266,"column":25},"end":{"line":266,"column":133}},"178":{"start":{"line":266,"column":45},"end":{"line":266,"column":131}},"179":{"start":{"line":267,"column":0},"end":{"line":267,"column":48}},"180":{"start":{"line":268,"column":38},"end":{"line":276,"column":1}},"181":{"start":{"line":269,"column":19},"end":{"line":269,"column":67}},"182":{"start":{"line":270,"column":17},"end":{"line":270,"column":63}},"183":{"start":{"line":271,"column":23},"end":{"line":271,"column":78}},"184":{"start":{"line":272,"column":21},"end":{"line":272,"column":74}},"185":{"start":{"line":273,"column":16},"end":{"line":273,"column":68}},"186":{"start":{"line":274,"column":19},"end":{"line":274,"column":74}},"187":{"start":{"line":275,"column":4},"end":{"line":275,"column":185}},"188":{"start":{"line":277,"column":0},"end":{"line":277,"column":74}},"189":{"start":{"line":278,"column":39},"end":{"line":280,"column":1}},"190":{"start":{"line":279,"column":4},"end":{"line":279,"column":222}},"191":{"start":{"line":279,"column":55},"end":{"line":279,"column":95}},"192":{"start":{"line":279,"column":152},"end":{"line":279,"column":217}},"193":{"start":{"line":281,"column":0},"end":{"line":281,"column":76}},"194":{"start":{"line":282,"column":0},"end":{"line":295,"column":3}},"195":{"start":{"line":283,"column":35},"end":{"line":283,"column":102}},"196":{"start":{"line":284,"column":22},"end":{"line":284,"column":55}},"197":{"start":{"line":285,"column":27},"end":{"line":288,"column":6}},"198":{"start":{"line":289,"column":4},"end":{"line":293,"column":5}},"199":{"start":{"line":290,"column":17},"end":{"line":290,"column":66}},"200":{"start":{"line":290,"column":85},"end":{"line":290,"column":102}},"201":{"start":{"line":290,"column":119},"end":{"line":290,"column":134}},"202":{"start":{"line":291,"column":17},"end":{"line":291,"column":68}},"203":{"start":{"line":291,"column":82},"end":{"line":291,"column":94}},"204":{"start":{"line":291,"column":108},"end":{"line":291,"column":120}},"205":{"start":{"line":292,"column":8},"end":{"line":292,"column":186}},"206":{"start":{"line":294,"column":4},"end":{"line":294,"column":28}},"207":{"start":{"line":296,"column":0},"end":{"line":301,"column":3}},"208":{"start":{"line":297,"column":4},"end":{"line":299,"column":5}},"209":{"start":{"line":298,"column":8},"end":{"line":298,"column":28}},"210":{"start":{"line":300,"column":4},"end":{"line":300,"column":138}},"211":{"start":{"line":300,"column":53},"end":{"line":300,"column":120}},"212":{"start":{"line":302,"column":0},"end":{"line":312,"column":3}},"213":{"start":{"line":303,"column":4},"end":{"line":305,"column":5}},"214":{"start":{"line":304,"column":8},"end":{"line":304,"column":28}},"215":{"start":{"line":306,"column":4},"end":{"line":311,"column":21}},"216":{"start":{"line":307,"column":8},"end":{"line":310,"column":11}},"217":{"start":{"line":313,"column":0},"end":{"line":315,"column":3}},"218":{"start":{"line":314,"column":4},"end":{"line":314,"column":110}},"219":{"start":{"line":316,"column":27},"end":{"line":318,"column":1}},"220":{"start":{"line":317,"column":4},"end":{"line":317,"column":95}},"221":{"start":{"line":319,"column":0},"end":{"line":319,"column":52}},"222":{"start":{"line":320,"column":37},"end":{"line":322,"column":1}},"223":{"start":{"line":321,"column":4},"end":{"line":321,"column":190}},"224":{"start":{"line":321,"column":75},"end":{"line":321,"column":142}},"225":{"start":{"line":323,"column":0},"end":{"line":323,"column":72}},"226":{"start":{"line":324,"column":24},"end":{"line":324,"column":93}},"227":{"start":{"line":324,"column":50},"end":{"line":324,"column":91}},"228":{"start":{"line":325,"column":0},"end":{"line":325,"column":46}},"229":{"start":{"line":326,"column":32},"end":{"line":328,"column":1}},"230":{"start":{"line":327,"column":4},"end":{"line":327,"column":101}},"231":{"start":{"line":329,"column":0},"end":{"line":329,"column":62}},"232":{"start":{"line":330,"column":35},"end":{"line":333,"column":1}},"233":{"start":{"line":331,"column":33},"end":{"line":331,"column":79}},"234":{"start":{"line":332,"column":4},"end":{"line":332,"column":175}},"235":{"start":{"line":332,"column":102},"end":{"line":332,"column":168}},"236":{"start":{"line":334,"column":0},"end":{"line":334,"column":68}},"237":{"start":{"line":335,"column":44},"end":{"line":337,"column":1}},"238":{"start":{"line":336,"column":4},"end":{"line":336,"column":114}},"239":{"start":{"line":338,"column":0},"end":{"line":338,"column":86}},"240":{"start":{"line":339,"column":39},"end":{"line":342,"column":5}},"241":{"start":{"line":339,"column":59},"end":{"line":342,"column":3}},"242":{"start":{"line":343,"column":0},"end":{"line":343,"column":76}},"243":{"start":{"line":344,"column":35},"end":{"line":359,"column":1}},"244":{"start":{"line":345,"column":4},"end":{"line":358,"column":5}},"245":{"start":{"line":346,"column":17},"end":{"line":346,"column":66}},"246":{"start":{"line":346,"column":85},"end":{"line":346,"column":102}},"247":{"start":{"line":346,"column":119},"end":{"line":346,"column":134}},"248":{"start":{"line":347,"column":17},"end":{"line":347,"column":68}},"249":{"start":{"line":347,"column":82},"end":{"line":347,"column":94}},"250":{"start":{"line":347,"column":108},"end":{"line":347,"column":120}},"251":{"start":{"line":348,"column":8},"end":{"line":351,"column":10}},"252":{"start":{"line":354,"column":8},"end":{"line":357,"column":10}},"253":{"start":{"line":360,"column":0},"end":{"line":360,"column":68}},"254":{"start":{"line":361,"column":0},"end":{"line":361,"column":51}},"255":{"start":{"line":362,"column":25},"end":{"line":370,"column":1}},"256":{"start":{"line":363,"column":4},"end":{"line":369,"column":5}},"257":{"start":{"line":364,"column":8},"end":{"line":364,"column":116}},"258":{"start":{"line":371,"column":0},"end":{"line":371,"column":48}},"259":{"start":{"line":372,"column":26},"end":{"line":374,"column":1}},"260":{"start":{"line":373,"column":4},"end":{"line":373,"column":127}},"261":{"start":{"line":375,"column":0},"end":{"line":375,"column":50}},"262":{"start":{"line":386,"column":0},"end":{"line":388,"column":3}},"263":{"start":{"line":387,"column":4},"end":{"line":387,"column":90}},"264":{"start":{"line":389,"column":24},"end":{"line":420,"column":1}},"265":{"start":{"line":390,"column":17},"end":{"line":390,"column":49}},"266":{"start":{"line":391,"column":19},"end":{"line":391,"column":74}},"267":{"start":{"line":392,"column":22},"end":{"line":405,"column":5}},"268":{"start":{"line":406,"column":27},"end":{"line":406,"column":55}},"269":{"start":{"line":408,"column":4},"end":{"line":418,"column":5}},"270":{"start":{"line":409,"column":8},"end":{"line":409,"column":61}},"271":{"start":{"line":410,"column":8},"end":{"line":410,"column":64}},"272":{"start":{"line":411,"column":8},"end":{"line":413,"column":11}},"273":{"start":{"line":414,"column":8},"end":{"line":414,"column":132}},"274":{"start":{"line":417,"column":8},"end":{"line":417,"column":133}},"275":{"start":{"line":419,"column":4},"end":{"line":419,"column":28}},"276":{"start":{"line":421,"column":0},"end":{"line":421,"column":46}},"277":{"start":{"line":422,"column":22},"end":{"line":426,"column":1}},"278":{"start":{"line":423,"column":4},"end":{"line":423,"column":56}},"279":{"start":{"line":425,"column":4},"end":{"line":425,"column":63}},"280":{"start":{"line":427,"column":28},"end":{"line":440,"column":1}},"281":{"start":{"line":428,"column":22},"end":{"line":428,"column":72}},"282":{"start":{"line":429,"column":19},"end":{"line":429,"column":39}},"283":{"start":{"line":429,"column":54},"end":{"line":429,"column":76}},"284":{"start":{"line":430,"column":17},"end":{"line":430,"column":51}},"285":{"start":{"line":431,"column":19},"end":{"line":431,"column":55}},"286":{"start":{"line":433,"column":4},"end":{"line":438,"column":5}},"287":{"start":{"line":434,"column":8},"end":{"line":434,"column":63}},"288":{"start":{"line":435,"column":8},"end":{"line":435,"column":62}},"289":{"start":{"line":436,"column":8},"end":{"line":436,"column":59}},"290":{"start":{"line":437,"column":8},"end":{"line":437,"column":130}},"291":{"start":{"line":439,"column":4},"end":{"line":439,"column":70}},"292":{"start":{"line":441,"column":0},"end":{"line":441,"column":54}},"293":{"start":{"line":443,"column":16},"end":{"line":443,"column":92}},"294":{"start":{"line":443,"column":40},"end":{"line":443,"column":90}},"295":{"start":{"line":444,"column":0},"end":{"line":444,"column":30}},"296":{"start":{"line":445,"column":20},"end":{"line":445,"column":92}},"297":{"start":{"line":445,"column":39},"end":{"line":445,"column":90}},"298":{"start":{"line":446,"column":0},"end":{"line":446,"column":38}},"299":{"start":{"line":447,"column":18},"end":{"line":447,"column":76}},"300":{"start":{"line":447,"column":34},"end":{"line":447,"column":74}},"301":{"start":{"line":448,"column":0},"end":{"line":448,"column":34}},"302":{"start":{"line":449,"column":30},"end":{"line":449,"column":127}},"303":{"start":{"line":449,"column":57},"end":{"line":449,"column":125}},"304":{"start":{"line":450,"column":0},"end":{"line":450,"column":58}},"305":{"start":{"line":451,"column":17},"end":{"line":462,"column":1}},"306":{"start":{"line":452,"column":15},"end":{"line":459,"column":5}},"307":{"start":{"line":460,"column":20},"end":{"line":460,"column":34}},"308":{"start":{"line":461,"column":4},"end":{"line":461,"column":21}},"309":{"start":{"line":463,"column":0},"end":{"line":463,"column":32}},"310":{"start":{"line":464,"column":18},"end":{"line":478,"column":1}},"311":{"start":{"line":465,"column":13},"end":{"line":465,"column":59}},"312":{"start":{"line":465,"column":72},"end":{"line":465,"column":83}},"313":{"start":{"line":465,"column":98},"end":{"line":465,"column":111}},"314":{"start":{"line":466,"column":15},"end":{"line":466,"column":61}},"315":{"start":{"line":479,"column":0},"end":{"line":479,"column":34}},"316":{"start":{"line":480,"column":15},"end":{"line":484,"column":1}},"317":{"start":{"line":481,"column":4},"end":{"line":481,"column":42}},"318":{"start":{"line":483,"column":4},"end":{"line":483,"column":45}},"319":{"start":{"line":486,"column":19},"end":{"line":486,"column":98}},"320":{"start":{"line":486,"column":43},"end":{"line":486,"column":96}},"321":{"start":{"line":487,"column":0},"end":{"line":487,"column":36}},"322":{"start":{"line":488,"column":23},"end":{"line":488,"column":98}},"323":{"start":{"line":488,"column":42},"end":{"line":488,"column":96}},"324":{"start":{"line":489,"column":0},"end":{"line":489,"column":44}},"325":{"start":{"line":490,"column":21},"end":{"line":490,"column":82}},"326":{"start":{"line":490,"column":37},"end":{"line":490,"column":80}},"327":{"start":{"line":491,"column":0},"end":{"line":491,"column":40}},"328":{"start":{"line":492,"column":33},"end":{"line":494,"column":1}},"329":{"start":{"line":493,"column":4},"end":{"line":493,"column":75}},"330":{"start":{"line":495,"column":0},"end":{"line":495,"column":64}},"331":{"start":{"line":496,"column":20},"end":{"line":508,"column":1}},"332":{"start":{"line":497,"column":18},"end":{"line":505,"column":5}},"333":{"start":{"line":506,"column":23},"end":{"line":506,"column":43}},"334":{"start":{"line":507,"column":4},"end":{"line":507,"column":24}},"335":{"start":{"line":509,"column":0},"end":{"line":509,"column":38}},"336":{"start":{"line":510,"column":21},"end":{"line":524,"column":1}},"337":{"start":{"line":511,"column":13},"end":{"line":511,"column":59}},"338":{"start":{"line":511,"column":72},"end":{"line":511,"column":83}},"339":{"start":{"line":511,"column":98},"end":{"line":511,"column":111}},"340":{"start":{"line":512,"column":18},"end":{"line":512,"column":76}},"341":{"start":{"line":525,"column":0},"end":{"line":525,"column":40}},"342":{"start":{"line":526,"column":18},"end":{"line":530,"column":1}},"343":{"start":{"line":527,"column":4},"end":{"line":527,"column":48}},"344":{"start":{"line":529,"column":4},"end":{"line":529,"column":51}},"345":{"start":{"line":532,"column":24},"end":{"line":534,"column":1}},"346":{"start":{"line":533,"column":4},"end":{"line":533,"column":62}},"347":{"start":{"line":535,"column":0},"end":{"line":535,"column":46}},"348":{"start":{"line":536,"column":28},"end":{"line":538,"column":1}},"349":{"start":{"line":537,"column":4},"end":{"line":537,"column":63}},"350":{"start":{"line":539,"column":0},"end":{"line":539,"column":54}},"351":{"start":{"line":540,"column":37},"end":{"line":542,"column":1}},"352":{"start":{"line":541,"column":4},"end":{"line":541,"column":135}},"353":{"start":{"line":543,"column":0},"end":{"line":543,"column":72}},"354":{"start":{"line":544,"column":32},"end":{"line":557,"column":1}},"355":{"start":{"line":545,"column":23},"end":{"line":554,"column":5}},"356":{"start":{"line":555,"column":4},"end":{"line":555,"column":35}},"357":{"start":{"line":556,"column":4},"end":{"line":556,"column":24}},"358":{"start":{"line":558,"column":0},"end":{"line":558,"column":62}},"359":{"start":{"line":559,"column":29},"end":{"line":572,"column":1}},"360":{"start":{"line":560,"column":23},"end":{"line":569,"column":5}},"361":{"start":{"line":570,"column":4},"end":{"line":570,"column":35}},"362":{"start":{"line":571,"column":4},"end":{"line":571,"column":24}},"363":{"start":{"line":573,"column":0},"end":{"line":573,"column":56}},"364":{"start":{"line":574,"column":32},"end":{"line":587,"column":1}},"365":{"start":{"line":575,"column":23},"end":{"line":584,"column":5}},"366":{"start":{"line":585,"column":4},"end":{"line":585,"column":35}},"367":{"start":{"line":586,"column":4},"end":{"line":586,"column":24}},"368":{"start":{"line":588,"column":0},"end":{"line":588,"column":62}},"369":{"start":{"line":589,"column":23},"end":{"line":591,"column":1}},"370":{"start":{"line":590,"column":4},"end":{"line":590,"column":58}},"371":{"start":{"line":592,"column":26},"end":{"line":607,"column":1}},"372":{"start":{"line":593,"column":4},"end":{"line":606,"column":7}},"373":{"start":{"line":594,"column":8},"end":{"line":605,"column":9}},"374":{"start":{"line":595,"column":12},"end":{"line":595,"column":99}},"375":{"start":{"line":597,"column":13},"end":{"line":605,"column":9}},"376":{"start":{"line":598,"column":12},"end":{"line":598,"column":96}},"377":{"start":{"line":608,"column":0},"end":{"line":608,"column":50}},"378":{"start":{"line":609,"column":29},"end":{"line":612,"column":1}},"379":{"start":{"line":610,"column":23},"end":{"line":610,"column":75}},"380":{"start":{"line":611,"column":4},"end":{"line":611,"column":72}},"381":{"start":{"line":613,"column":0},"end":{"line":613,"column":56}},"382":{"start":{"line":614,"column":39},"end":{"line":629,"column":1}},"383":{"start":{"line":615,"column":23},"end":{"line":615,"column":75}},"384":{"start":{"line":616,"column":22},"end":{"line":616,"column":81}},"385":{"start":{"line":617,"column":4},"end":{"line":619,"column":5}},"386":{"start":{"line":618,"column":8},"end":{"line":618,"column":77}},"387":{"start":{"line":620,"column":4},"end":{"line":623,"column":5}},"388":{"start":{"line":621,"column":19},"end":{"line":621,"column":64}},"389":{"start":{"line":622,"column":8},"end":{"line":622,"column":68}},"390":{"start":{"line":624,"column":4},"end":{"line":627,"column":5}},"391":{"start":{"line":625,"column":22},"end":{"line":625,"column":73}},"392":{"start":{"line":626,"column":8},"end":{"line":626,"column":71}},"393":{"start":{"line":628,"column":4},"end":{"line":628,"column":66}},"394":{"start":{"line":630,"column":0},"end":{"line":630,"column":76}},"395":{"start":{"line":631,"column":40},"end":{"line":633,"column":1}},"396":{"start":{"line":632,"column":4},"end":{"line":632,"column":228}},"397":{"start":{"line":632,"column":56},"end":{"line":632,"column":97}},"398":{"start":{"line":632,"column":156},"end":{"line":632,"column":223}},"399":{"start":{"line":634,"column":0},"end":{"line":634,"column":78}},"400":{"start":{"line":641,"column":0},"end":{"line":641,"column":38}},"401":{"start":{"line":644,"column":0},"end":{"line":644,"column":40}},"402":{"start":{"line":647,"column":0},"end":{"line":647,"column":48}},"403":{"start":{"line":649,"column":30},"end":{"line":649,"column":108}},"404":{"start":{"line":649,"column":50},"end":{"line":649,"column":106}},"405":{"start":{"line":650,"column":0},"end":{"line":650,"column":58}},"406":{"start":{"line":653,"column":0},"end":{"line":653,"column":50}},"407":{"start":{"line":656,"column":0},"end":{"line":656,"column":60}},"408":{"start":{"line":661,"column":0},"end":{"line":661,"column":72}},"409":{"start":{"line":666,"column":0},"end":{"line":666,"column":46}},"410":{"start":{"line":669,"column":0},"end":{"line":669,"column":58}},"411":{"start":{"line":670,"column":0},"end":{"line":670,"column":21}}},"fnMap":{"0":{"name":"(anonymous_0)","decl":{"start":{"line":2,"column":42},"end":{"line":2,"column":43}},"loc":{"start":{"line":2,"column":54},"end":{"line":12,"column":1}},"line":2},"1":{"name":"(anonymous_1)","decl":{"start":{"line":3,"column":32},"end":{"line":3,"column":33}},"loc":{"start":{"line":3,"column":44},"end":{"line":10,"column":5}},"line":3},"2":{"name":"(anonymous_2)","decl":{"start":{"line":13,"column":56},"end":{"line":13,"column":57}},"loc":{"start":{"line":13,"column":71},"end":{"line":15,"column":1}},"line":13},"3":{"name":"(anonymous_3)","decl":{"start":{"line":42,"column":19},"end":{"line":42,"column":20}},"loc":{"start":{"line":42,"column":31},"end":{"line":47,"column":1}},"line":42},"4":{"name":"(anonymous_4)","decl":{"start":{"line":49,"column":18},"end":{"line":49,"column":19}},"loc":{"start":{"line":49,"column":30},"end":{"line":49,"column":68}},"line":49},"5":{"name":"(anonymous_5)","decl":{"start":{"line":51,"column":31},"end":{"line":51,"column":32}},"loc":{"start":{"line":51,"column":43},"end":{"line":53,"column":1}},"line":51},"6":{"name":"(anonymous_6)","decl":{"start":{"line":55,"column":22},"end":{"line":55,"column":23}},"loc":{"start":{"line":55,"column":40},"end":{"line":55,"column":74}},"line":55},"7":{"name":"(anonymous_7)","decl":{"start":{"line":57,"column":15},"end":{"line":57,"column":16}},"loc":{"start":{"line":57,"column":45},"end":{"line":65,"column":1}},"line":57},"8":{"name":"(anonymous_8)","decl":{"start":{"line":67,"column":12},"end":{"line":67,"column":13}},"loc":{"start":{"line":67,"column":42},"end":{"line":75,"column":1}},"line":67},"9":{"name":"(anonymous_9)","decl":{"start":{"line":77,"column":18},"end":{"line":77,"column":19}},"loc":{"start":{"line":77,"column":43},"end":{"line":84,"column":1}},"line":77},"10":{"name":"(anonymous_10)","decl":{"start":{"line":87,"column":23},"end":{"line":87,"column":24}},"loc":{"start":{"line":87,"column":40},"end":{"line":87,"column":86}},"line":87},"11":{"name":"(anonymous_11)","decl":{"start":{"line":89,"column":38},"end":{"line":89,"column":39}},"loc":{"start":{"line":89,"column":71},"end":{"line":92,"column":1}},"line":89},"12":{"name":"(anonymous_12)","decl":{"start":{"line":93,"column":20},"end":{"line":93,"column":21}},"loc":{"start":{"line":93,"column":53},"end":{"line":95,"column":1}},"line":93},"13":{"name":"(anonymous_13)","decl":{"start":{"line":94,"column":108},"end":{"line":94,"column":109}},"loc":{"start":{"line":94,"column":126},"end":{"line":94,"column":149}},"line":94},"14":{"name":"(anonymous_14)","decl":{"start":{"line":97,"column":18},"end":{"line":97,"column":19}},"loc":{"start":{"line":97,"column":35},"end":{"line":102,"column":1}},"line":97},"15":{"name":"(anonymous_15)","decl":{"start":{"line":104,"column":28},"end":{"line":104,"column":29}},"loc":{"start":{"line":104,"column":55},"end":{"line":106,"column":1}},"line":104},"16":{"name":"(anonymous_16)","decl":{"start":{"line":110,"column":16},"end":{"line":110,"column":17}},"loc":{"start":{"line":110,"column":38},"end":{"line":110,"column":92}},"line":110},"17":{"name":"(anonymous_17)","decl":{"start":{"line":112,"column":16},"end":{"line":112,"column":17}},"loc":{"start":{"line":112,"column":32},"end":{"line":112,"column":51}},"line":112},"18":{"name":"(anonymous_18)","decl":{"start":{"line":114,"column":18},"end":{"line":114,"column":19}},"loc":{"start":{"line":114,"column":32},"end":{"line":114,"column":76}},"line":114},"19":{"name":"(anonymous_19)","decl":{"start":{"line":116,"column":24},"end":{"line":116,"column":25}},"loc":{"start":{"line":116,"column":44},"end":{"line":116,"column":100}},"line":116},"20":{"name":"(anonymous_20)","decl":{"start":{"line":118,"column":17},"end":{"line":118,"column":18}},"loc":{"start":{"line":118,"column":40},"end":{"line":137,"column":1}},"line":118},"21":{"name":"(anonymous_21)","decl":{"start":{"line":139,"column":15},"end":{"line":139,"column":16}},"loc":{"start":{"line":139,"column":31},"end":{"line":141,"column":1}},"line":139},"22":{"name":"(anonymous_22)","decl":{"start":{"line":142,"column":21},"end":{"line":142,"column":22}},"loc":{"start":{"line":142,"column":46},"end":{"line":145,"column":1}},"line":142},"23":{"name":"(anonymous_23)","decl":{"start":{"line":148,"column":19},"end":{"line":148,"column":20}},"loc":{"start":{"line":148,"column":41},"end":{"line":148,"column":98}},"line":148},"24":{"name":"(anonymous_24)","decl":{"start":{"line":150,"column":20},"end":{"line":150,"column":21}},"loc":{"start":{"line":150,"column":42},"end":{"line":150,"column":102}},"line":150},"25":{"name":"(anonymous_25)","decl":{"start":{"line":152,"column":28},"end":{"line":152,"column":29}},"loc":{"start":{"line":152,"column":48},"end":{"line":154,"column":1}},"line":152},"26":{"name":"(anonymous_26)","decl":{"start":{"line":156,"column":26},"end":{"line":156,"column":27}},"loc":{"start":{"line":156,"column":44},"end":{"line":156,"column":100}},"line":156},"27":{"name":"(anonymous_27)","decl":{"start":{"line":158,"column":20},"end":{"line":158,"column":21}},"loc":{"start":{"line":158,"column":39},"end":{"line":162,"column":1}},"line":158},"28":{"name":"(anonymous_28)","decl":{"start":{"line":164,"column":24},"end":{"line":164,"column":25}},"loc":{"start":{"line":164,"column":45},"end":{"line":167,"column":1}},"line":164},"29":{"name":"(anonymous_29)","decl":{"start":{"line":169,"column":27},"end":{"line":169,"column":28}},"loc":{"start":{"line":169,"column":60},"end":{"line":182,"column":1}},"line":169},"30":{"name":"(anonymous_30)","decl":{"start":{"line":185,"column":23},"end":{"line":185,"column":24}},"loc":{"start":{"line":185,"column":45},"end":{"line":185,"column":107}},"line":185},"31":{"name":"(anonymous_31)","decl":{"start":{"line":187,"column":25},"end":{"line":187,"column":26}},"loc":{"start":{"line":187,"column":39},"end":{"line":187,"column":90}},"line":187},"32":{"name":"(anonymous_32)","decl":{"start":{"line":189,"column":24},"end":{"line":189,"column":25}},"loc":{"start":{"line":189,"column":46},"end":{"line":191,"column":1}},"line":189},"33":{"name":"(anonymous_33)","decl":{"start":{"line":193,"column":24},"end":{"line":193,"column":25}},"loc":{"start":{"line":193,"column":47},"end":{"line":197,"column":1}},"line":193},"34":{"name":"(anonymous_34)","decl":{"start":{"line":199,"column":31},"end":{"line":199,"column":32}},"loc":{"start":{"line":199,"column":65},"end":{"line":215,"column":1}},"line":199},"35":{"name":"(anonymous_35)","decl":{"start":{"line":217,"column":28},"end":{"line":217,"column":29}},"loc":{"start":{"line":217,"column":53},"end":{"line":222,"column":1}},"line":217},"36":{"name":"(anonymous_36)","decl":{"start":{"line":232,"column":25},"end":{"line":232,"column":26}},"loc":{"start":{"line":232,"column":47},"end":{"line":234,"column":1}},"line":232},"37":{"name":"(anonymous_37)","decl":{"start":{"line":236,"column":31},"end":{"line":236,"column":32}},"loc":{"start":{"line":236,"column":49},"end":{"line":236,"column":110}},"line":236},"38":{"name":"(anonymous_38)","decl":{"start":{"line":252,"column":23},"end":{"line":252,"column":24}},"loc":{"start":{"line":252,"column":45},"end":{"line":252,"column":106}},"line":252},"39":{"name":"(anonymous_39)","decl":{"start":{"line":254,"column":25},"end":{"line":254,"column":26}},"loc":{"start":{"line":254,"column":39},"end":{"line":254,"column":90}},"line":254},"40":{"name":"(anonymous_40)","decl":{"start":{"line":256,"column":27},"end":{"line":256,"column":28}},"loc":{"start":{"line":256,"column":44},"end":{"line":256,"column":106}},"line":256},"41":{"name":"(anonymous_41)","decl":{"start":{"line":258,"column":31},"end":{"line":258,"column":32}},"loc":{"start":{"line":258,"column":45},"end":{"line":260,"column":1}},"line":258},"42":{"name":"(anonymous_42)","decl":{"start":{"line":262,"column":35},"end":{"line":262,"column":36}},"loc":{"start":{"line":262,"column":60},"end":{"line":264,"column":1}},"line":262},"43":{"name":"(anonymous_43)","decl":{"start":{"line":266,"column":25},"end":{"line":266,"column":26}},"loc":{"start":{"line":266,"column":43},"end":{"line":266,"column":133}},"line":266},"44":{"name":"(anonymous_44)","decl":{"start":{"line":268,"column":38},"end":{"line":268,"column":39}},"loc":{"start":{"line":268,"column":61},"end":{"line":276,"column":1}},"line":268},"45":{"name":"(anonymous_45)","decl":{"start":{"line":278,"column":39},"end":{"line":278,"column":40}},"loc":{"start":{"line":278,"column":63},"end":{"line":280,"column":1}},"line":278},"46":{"name":"(anonymous_46)","decl":{"start":{"line":279,"column":30},"end":{"line":279,"column":31}},"loc":{"start":{"line":279,"column":53},"end":{"line":279,"column":97}},"line":279},"47":{"name":"(anonymous_47)","decl":{"start":{"line":279,"column":127},"end":{"line":279,"column":128}},"loc":{"start":{"line":279,"column":150},"end":{"line":279,"column":219}},"line":279},"48":{"name":"(anonymous_48)","decl":{"start":{"line":282,"column":57},"end":{"line":282,"column":58}},"loc":{"start":{"line":282,"column":82},"end":{"line":295,"column":1}},"line":282},"49":{"name":"(anonymous_49)","decl":{"start":{"line":296,"column":56},"end":{"line":296,"column":57}},"loc":{"start":{"line":296,"column":102},"end":{"line":301,"column":1}},"line":296},"50":{"name":"(anonymous_50)","decl":{"start":{"line":300,"column":28},"end":{"line":300,"column":29}},"loc":{"start":{"line":300,"column":51},"end":{"line":300,"column":122}},"line":300},"51":{"name":"(anonymous_51)","decl":{"start":{"line":302,"column":54},"end":{"line":302,"column":55}},"loc":{"start":{"line":302,"column":108},"end":{"line":312,"column":1}},"line":302},"52":{"name":"(anonymous_52)","decl":{"start":{"line":306,"column":28},"end":{"line":306,"column":29}},"loc":{"start":{"line":306,"column":51},"end":{"line":311,"column":5}},"line":306},"53":{"name":"(anonymous_53)","decl":{"start":{"line":313,"column":54},"end":{"line":313,"column":55}},"loc":{"start":{"line":313,"column":79},"end":{"line":315,"column":1}},"line":313},"54":{"name":"(anonymous_54)","decl":{"start":{"line":316,"column":27},"end":{"line":316,"column":28}},"loc":{"start":{"line":316,"column":45},"end":{"line":318,"column":1}},"line":316},"55":{"name":"(anonymous_55)","decl":{"start":{"line":320,"column":37},"end":{"line":320,"column":38}},"loc":{"start":{"line":320,"column":62},"end":{"line":322,"column":1}},"line":320},"56":{"name":"(anonymous_56)","decl":{"start":{"line":321,"column":52},"end":{"line":321,"column":53}},"loc":{"start":{"line":321,"column":73},"end":{"line":321,"column":144}},"line":321},"57":{"name":"(anonymous_57)","decl":{"start":{"line":324,"column":24},"end":{"line":324,"column":25}},"loc":{"start":{"line":324,"column":48},"end":{"line":324,"column":93}},"line":324},"58":{"name":"(anonymous_58)","decl":{"start":{"line":326,"column":32},"end":{"line":326,"column":33}},"loc":{"start":{"line":326,"column":50},"end":{"line":328,"column":1}},"line":326},"59":{"name":"(anonymous_59)","decl":{"start":{"line":330,"column":35},"end":{"line":330,"column":36}},"loc":{"start":{"line":330,"column":53},"end":{"line":333,"column":1}},"line":330},"60":{"name":"(anonymous_60)","decl":{"start":{"line":332,"column":77},"end":{"line":332,"column":78}},"loc":{"start":{"line":332,"column":100},"end":{"line":332,"column":170}},"line":332},"61":{"name":"(anonymous_61)","decl":{"start":{"line":335,"column":44},"end":{"line":335,"column":45}},"loc":{"start":{"line":335,"column":62},"end":{"line":337,"column":1}},"line":335},"62":{"name":"(anonymous_62)","decl":{"start":{"line":339,"column":39},"end":{"line":339,"column":40}},"loc":{"start":{"line":339,"column":57},"end":{"line":342,"column":5}},"line":339},"63":{"name":"(anonymous_63)","decl":{"start":{"line":344,"column":35},"end":{"line":344,"column":36}},"loc":{"start":{"line":344,"column":60},"end":{"line":359,"column":1}},"line":344},"64":{"name":"(anonymous_64)","decl":{"start":{"line":362,"column":25},"end":{"line":362,"column":26}},"loc":{"start":{"line":362,"column":54},"end":{"line":370,"column":1}},"line":362},"65":{"name":"(anonymous_65)","decl":{"start":{"line":372,"column":26},"end":{"line":372,"column":27}},"loc":{"start":{"line":372,"column":55},"end":{"line":374,"column":1}},"line":372},"66":{"name":"(anonymous_66)","decl":{"start":{"line":386,"column":44},"end":{"line":386,"column":45}},"loc":{"start":{"line":386,"column":71},"end":{"line":388,"column":1}},"line":386},"67":{"name":"(anonymous_67)","decl":{"start":{"line":389,"column":24},"end":{"line":389,"column":25}},"loc":{"start":{"line":389,"column":79},"end":{"line":420,"column":1}},"line":389},"68":{"name":"(anonymous_68)","decl":{"start":{"line":422,"column":22},"end":{"line":422,"column":23}},"loc":{"start":{"line":422,"column":45},"end":{"line":426,"column":1}},"line":422},"69":{"name":"(anonymous_69)","decl":{"start":{"line":427,"column":28},"end":{"line":427,"column":29}},"loc":{"start":{"line":427,"column":60},"end":{"line":440,"column":1}},"line":427},"70":{"name":"(anonymous_70)","decl":{"start":{"line":443,"column":16},"end":{"line":443,"column":17}},"loc":{"start":{"line":443,"column":38},"end":{"line":443,"column":92}},"line":443},"71":{"name":"(anonymous_71)","decl":{"start":{"line":445,"column":20},"end":{"line":445,"column":21}},"loc":{"start":{"line":445,"column":37},"end":{"line":445,"column":92}},"line":445},"72":{"name":"(anonymous_72)","decl":{"start":{"line":447,"column":18},"end":{"line":447,"column":19}},"loc":{"start":{"line":447,"column":32},"end":{"line":447,"column":76}},"line":447},"73":{"name":"(anonymous_73)","decl":{"start":{"line":449,"column":30},"end":{"line":449,"column":31}},"loc":{"start":{"line":449,"column":55},"end":{"line":449,"column":127}},"line":449},"74":{"name":"(anonymous_74)","decl":{"start":{"line":451,"column":17},"end":{"line":451,"column":18}},"loc":{"start":{"line":451,"column":50},"end":{"line":462,"column":1}},"line":451},"75":{"name":"(anonymous_75)","decl":{"start":{"line":464,"column":18},"end":{"line":464,"column":19}},"loc":{"start":{"line":464,"column":51},"end":{"line":478,"column":1}},"line":464},"76":{"name":"(anonymous_76)","decl":{"start":{"line":480,"column":15},"end":{"line":480,"column":16}},"loc":{"start":{"line":480,"column":31},"end":{"line":484,"column":1}},"line":480},"77":{"name":"(anonymous_77)","decl":{"start":{"line":486,"column":19},"end":{"line":486,"column":20}},"loc":{"start":{"line":486,"column":41},"end":{"line":486,"column":98}},"line":486},"78":{"name":"(anonymous_78)","decl":{"start":{"line":488,"column":23},"end":{"line":488,"column":24}},"loc":{"start":{"line":488,"column":40},"end":{"line":488,"column":98}},"line":488},"79":{"name":"(anonymous_79)","decl":{"start":{"line":490,"column":21},"end":{"line":490,"column":22}},"loc":{"start":{"line":490,"column":35},"end":{"line":490,"column":82}},"line":490},"80":{"name":"(anonymous_80)","decl":{"start":{"line":492,"column":33},"end":{"line":492,"column":34}},"loc":{"start":{"line":492,"column":58},"end":{"line":494,"column":1}},"line":492},"81":{"name":"(anonymous_81)","decl":{"start":{"line":496,"column":20},"end":{"line":496,"column":21}},"loc":{"start":{"line":496,"column":62},"end":{"line":508,"column":1}},"line":496},"82":{"name":"(anonymous_82)","decl":{"start":{"line":510,"column":21},"end":{"line":510,"column":22}},"loc":{"start":{"line":510,"column":63},"end":{"line":524,"column":1}},"line":510},"83":{"name":"(anonymous_83)","decl":{"start":{"line":526,"column":18},"end":{"line":526,"column":19}},"loc":{"start":{"line":526,"column":37},"end":{"line":530,"column":1}},"line":526},"84":{"name":"(anonymous_84)","decl":{"start":{"line":532,"column":24},"end":{"line":532,"column":25}},"loc":{"start":{"line":532,"column":46},"end":{"line":534,"column":1}},"line":532},"85":{"name":"(anonymous_85)","decl":{"start":{"line":536,"column":28},"end":{"line":536,"column":29}},"loc":{"start":{"line":536,"column":45},"end":{"line":538,"column":1}},"line":536},"86":{"name":"(anonymous_86)","decl":{"start":{"line":540,"column":37},"end":{"line":540,"column":38}},"loc":{"start":{"line":540,"column":55},"end":{"line":542,"column":1}},"line":540},"87":{"name":"(anonymous_87)","decl":{"start":{"line":544,"column":32},"end":{"line":544,"column":33}},"loc":{"start":{"line":544,"column":73},"end":{"line":557,"column":1}},"line":544},"88":{"name":"(anonymous_88)","decl":{"start":{"line":559,"column":29},"end":{"line":559,"column":30}},"loc":{"start":{"line":559,"column":70},"end":{"line":572,"column":1}},"line":559},"89":{"name":"(anonymous_89)","decl":{"start":{"line":574,"column":32},"end":{"line":574,"column":33}},"loc":{"start":{"line":574,"column":76},"end":{"line":587,"column":1}},"line":574},"90":{"name":"(anonymous_90)","decl":{"start":{"line":589,"column":23},"end":{"line":589,"column":24}},"loc":{"start":{"line":589,"column":47},"end":{"line":591,"column":1}},"line":589},"91":{"name":"(anonymous_91)","decl":{"start":{"line":592,"column":26},"end":{"line":592,"column":27}},"loc":{"start":{"line":592,"column":59},"end":{"line":607,"column":1}},"line":592},"92":{"name":"(anonymous_92)","decl":{"start":{"line":593,"column":33},"end":{"line":593,"column":34}},"loc":{"start":{"line":593,"column":49},"end":{"line":606,"column":5}},"line":593},"93":{"name":"(anonymous_93)","decl":{"start":{"line":609,"column":29},"end":{"line":609,"column":30}},"loc":{"start":{"line":609,"column":70},"end":{"line":612,"column":1}},"line":609},"94":{"name":"(anonymous_94)","decl":{"start":{"line":614,"column":39},"end":{"line":614,"column":40}},"loc":{"start":{"line":614,"column":63},"end":{"line":629,"column":1}},"line":614},"95":{"name":"(anonymous_95)","decl":{"start":{"line":631,"column":40},"end":{"line":631,"column":41}},"loc":{"start":{"line":631,"column":65},"end":{"line":633,"column":1}},"line":631},"96":{"name":"(anonymous_96)","decl":{"start":{"line":632,"column":30},"end":{"line":632,"column":31}},"loc":{"start":{"line":632,"column":54},"end":{"line":632,"column":99}},"line":632},"97":{"name":"(anonymous_97)","decl":{"start":{"line":632,"column":130},"end":{"line":632,"column":131}},"loc":{"start":{"line":632,"column":154},"end":{"line":632,"column":225}},"line":632},"98":{"name":"(anonymous_98)","decl":{"start":{"line":649,"column":30},"end":{"line":649,"column":31}},"loc":{"start":{"line":649,"column":48},"end":{"line":649,"column":108}},"line":649}},"branchMap":{"0":{"loc":{"start":{"line":2,"column":15},"end":{"line":12,"column":1}},"type":"binary-expr","locations":[{"start":{"line":2,"column":16},"end":{"line":2,"column":20}},{"start":{"line":2,"column":24},"end":{"line":2,"column":37}},{"start":{"line":2,"column":42},"end":{"line":12,"column":1}}],"line":2},"1":{"loc":{"start":{"line":3,"column":15},"end":{"line":10,"column":5}},"type":"binary-expr","locations":[{"start":{"line":3,"column":15},"end":{"line":3,"column":28}},{"start":{"line":3,"column":32},"end":{"line":10,"column":5}}],"line":3},"2":{"loc":{"start":{"line":6,"column":29},"end":{"line":7,"column":28}},"type":"if","locations":[{"start":{"line":6,"column":29},"end":{"line":7,"column":28}},{"start":{"line":6,"column":29},"end":{"line":7,"column":28}}],"line":6},"3":{"loc":{"start":{"line":13,"column":22},"end":{"line":15,"column":1}},"type":"binary-expr","locations":[{"start":{"line":13,"column":23},"end":{"line":13,"column":27}},{"start":{"line":13,"column":31},"end":{"line":13,"column":51}},{"start":{"line":13,"column":56},"end":{"line":15,"column":1}}],"line":13},"4":{"loc":{"start":{"line":14,"column":11},"end":{"line":14,"column":61}},"type":"cond-expr","locations":[{"start":{"line":14,"column":37},"end":{"line":14,"column":40}},{"start":{"line":14,"column":43},"end":{"line":14,"column":61}}],"line":14},"5":{"loc":{"start":{"line":14,"column":12},"end":{"line":14,"column":33}},"type":"binary-expr","locations":[{"start":{"line":14,"column":12},"end":{"line":14,"column":15}},{"start":{"line":14,"column":19},"end":{"line":14,"column":33}}],"line":14},"6":{"loc":{"start":{"line":129,"column":17},"end":{"line":129,"column":41}},"type":"binary-expr","locations":[{"start":{"line":129,"column":17},"end":{"line":129,"column":36}},{"start":{"line":129,"column":40},"end":{"line":129,"column":41}}],"line":129},"7":{"loc":{"start":{"line":283,"column":35},"end":{"line":283,"column":102}},"type":"binary-expr","locations":[{"start":{"line":283,"column":35},"end":{"line":283,"column":40}},{"start":{"line":283,"column":44},"end":{"line":283,"column":102}}],"line":283},"8":{"loc":{"start":{"line":284,"column":22},"end":{"line":284,"column":55}},"type":"binary-expr","locations":[{"start":{"line":284,"column":22},"end":{"line":284,"column":46}},{"start":{"line":284,"column":50},"end":{"line":284,"column":55}}],"line":284},"9":{"loc":{"start":{"line":289,"column":4},"end":{"line":293,"column":5}},"type":"if","locations":[{"start":{"line":289,"column":4},"end":{"line":293,"column":5}},{"start":{"line":289,"column":4},"end":{"line":293,"column":5}}],"line":289},"10":{"loc":{"start":{"line":289,"column":8},"end":{"line":289,"column":123}},"type":"binary-expr","locations":[{"start":{"line":289,"column":8},"end":{"line":289,"column":13}},{"start":{"line":289,"column":18},"end":{"line":289,"column":67}},{"start":{"line":289,"column":71},"end":{"line":289,"column":122}}],"line":289},"11":{"loc":{"start":{"line":297,"column":4},"end":{"line":299,"column":5}},"type":"if","locations":[{"start":{"line":297,"column":4},"end":{"line":299,"column":5}},{"start":{"line":297,"column":4},"end":{"line":299,"column":5}}],"line":297},"12":{"loc":{"start":{"line":297,"column":8},"end":{"line":297,"column":32}},"type":"binary-expr","locations":[{"start":{"line":297,"column":8},"end":{"line":297,"column":18}},{"start":{"line":297,"column":22},"end":{"line":297,"column":32}}],"line":297},"13":{"loc":{"start":{"line":303,"column":4},"end":{"line":305,"column":5}},"type":"if","locations":[{"start":{"line":303,"column":4},"end":{"line":305,"column":5}},{"start":{"line":303,"column":4},"end":{"line":305,"column":5}}],"line":303},"14":{"loc":{"start":{"line":303,"column":8},"end":{"line":303,"column":40}},"type":"binary-expr","locations":[{"start":{"line":303,"column":8},"end":{"line":303,"column":23}},{"start":{"line":303,"column":27},"end":{"line":303,"column":40}}],"line":303},"15":{"loc":{"start":{"line":345,"column":4},"end":{"line":358,"column":5}},"type":"if","locations":[{"start":{"line":345,"column":4},"end":{"line":358,"column":5}},{"start":{"line":345,"column":4},"end":{"line":358,"column":5}}],"line":345},"16":{"loc":{"start":{"line":345,"column":8},"end":{"line":345,"column":123}},"type":"binary-expr","locations":[{"start":{"line":345,"column":8},"end":{"line":345,"column":13}},{"start":{"line":345,"column":18},"end":{"line":345,"column":67}},{"start":{"line":345,"column":71},"end":{"line":345,"column":122}}],"line":345},"17":{"loc":{"start":{"line":363,"column":4},"end":{"line":369,"column":5}},"type":"if","locations":[{"start":{"line":363,"column":4},"end":{"line":369,"column":5}},{"start":{"line":363,"column":4},"end":{"line":369,"column":5}}],"line":363},"18":{"loc":{"start":{"line":400,"column":22},"end":{"line":400,"column":83}},"type":"binary-expr","locations":[{"start":{"line":400,"column":22},"end":{"line":400,"column":53}},{"start":{"line":400,"column":57},"end":{"line":400,"column":83}}],"line":400},"19":{"loc":{"start":{"line":402,"column":23},"end":{"line":402,"column":108}},"type":"cond-expr","locations":[{"start":{"line":402,"column":55},"end":{"line":402,"column":96}},{"start":{"line":402,"column":99},"end":{"line":402,"column":108}}],"line":402},"20":{"loc":{"start":{"line":408,"column":4},"end":{"line":418,"column":5}},"type":"if","locations":[{"start":{"line":408,"column":4},"end":{"line":418,"column":5}},{"start":{"line":408,"column":4},"end":{"line":418,"column":5}}],"line":408},"21":{"loc":{"start":{"line":433,"column":4},"end":{"line":438,"column":5}},"type":"if","locations":[{"start":{"line":433,"column":4},"end":{"line":438,"column":5}},{"start":{"line":433,"column":4},"end":{"line":438,"column":5}}],"line":433},"22":{"loc":{"start":{"line":594,"column":8},"end":{"line":605,"column":9}},"type":"if","locations":[{"start":{"line":594,"column":8},"end":{"line":605,"column":9}},{"start":{"line":594,"column":8},"end":{"line":605,"column":9}}],"line":594},"23":{"loc":{"start":{"line":594,"column":12},"end":{"line":594,"column":80}},"type":"binary-expr","locations":[{"start":{"line":594,"column":12},"end":{"line":594,"column":28}},{"start":{"line":594,"column":32},"end":{"line":594,"column":80}}],"line":594},"24":{"loc":{"start":{"line":597,"column":13},"end":{"line":605,"column":9}},"type":"if","locations":[{"start":{"line":597,"column":13},"end":{"line":605,"column":9}},{"start":{"line":597,"column":13},"end":{"line":605,"column":9}}],"line":597},"25":{"loc":{"start":{"line":597,"column":17},"end":{"line":597,"column":82}},"type":"binary-expr","locations":[{"start":{"line":597,"column":17},"end":{"line":597,"column":33}},{"start":{"line":597,"column":37},"end":{"line":597,"column":82}}],"line":597},"26":{"loc":{"start":{"line":617,"column":4},"end":{"line":619,"column":5}},"type":"if","locations":[{"start":{"line":617,"column":4},"end":{"line":619,"column":5}},{"start":{"line":617,"column":4},"end":{"line":619,"column":5}}],"line":617},"27":{"loc":{"start":{"line":620,"column":4},"end":{"line":623,"column":5}},"type":"if","locations":[{"start":{"line":620,"column":4},"end":{"line":623,"column":5}},{"start":{"line":620,"column":4},"end":{"line":623,"column":5}}],"line":620},"28":{"loc":{"start":{"line":624,"column":4},"end":{"line":627,"column":5}},"type":"if","locations":[{"start":{"line":624,"column":4},"end":{"line":627,"column":5}},{"start":{"line":624,"column":4},"end":{"line":627,"column":5}}],"line":624}},"s":{"0":1,"1":0,"2":0,"3":0,"4":0,"5":0,"6":0,"7":0,"8":0,"9":0,"10":0,"11":1,"12":7,"13":1,"14":1,"15":1,"16":1,"17":1,"18":1,"19":1,"20":1,"21":1,"22":1,"23":1,"24":1,"25":1,"26":1,"27":1,"28":1,"29":1,"30":1,"31":1,"32":1,"33":1,"34":1,"35":1,"36":1,"37":1,"38":1,"39":1,"40":0,"41":0,"42":0,"43":1,"44":1,"45":0,"46":1,"47":1,"48":0,"49":1,"50":1,"51":0,"52":1,"53":1,"54":0,"55":0,"56":1,"57":1,"58":0,"59":0,"60":1,"61":1,"62":0,"63":0,"64":1,"65":1,"66":0,"67":1,"68":1,"69":0,"70":0,"71":1,"72":0,"73":0,"74":1,"75":1,"76":0,"77":0,"78":1,"79":1,"80":0,"81":1,"82":1,"83":0,"84":1,"85":1,"86":0,"87":1,"88":1,"89":0,"90":1,"91":1,"92":0,"93":1,"94":1,"95":1,"96":1,"97":1,"98":1,"99":1,"100":1,"101":1,"102":1,"103":0,"104":0,"105":1,"106":1,"107":0,"108":1,"109":1,"110":0,"111":1,"112":1,"113":0,"114":1,"115":1,"116":0,"117":1,"118":1,"119":0,"120":0,"121":1,"122":1,"123":0,"124":0,"125":1,"126":1,"127":0,"128":0,"129":0,"130":0,"131":1,"132":1,"133":0,"134":1,"135":1,"136":0,"137":1,"138":1,"139":0,"140":1,"141":1,"142":0,"143":0,"144":1,"145":1,"146":0,"147":0,"148":0,"149":0,"150":1,"151":1,"152":0,"153":1,"154":1,"155":1,"156":0,"157":1,"158":1,"159":0,"160":1,"161":1,"162":1,"163":0,"164":1,"165":1,"166":0,"167":1,"168":1,"169":0,"170":1,"171":1,"172":0,"173":1,"174":1,"175":0,"176":1,"177":1,"178":0,"179":1,"180":1,"181":0,"182":0,"183":0,"184":0,"185":0,"186":0,"187":0,"188":1,"189":1,"190":0,"191":0,"192":0,"193":1,"194":1,"195":0,"196":0,"197":0,"198":0,"199":0,"200":0,"201":0,"202":0,"203":0,"204":0,"205":0,"206":0,"207":1,"208":0,"209":0,"210":0,"211":0,"212":1,"213":0,"214":0,"215":0,"216":0,"217":1,"218":0,"219":1,"220":0,"221":1,"222":1,"223":0,"224":0,"225":1,"226":1,"227":0,"228":1,"229":1,"230":0,"231":1,"232":1,"233":0,"234":0,"235":0,"236":1,"237":1,"23
[...]
ications/:notificationId - scoped-user\r\nrouter.patch(\r\n  \"/:notificationId\",\r\n  ensureAuthenticated,\r\n  validateMiddleware([shortIdValidation(\"notificationId\"), ...isNotificationPatchValidator]),\r\n  (req, res) => {\r\n    const { notificationId } = req.params;\r\n    /* istanbul ignore next */\r\n    updateNotificationById(req.user?.id!, notificationId, req.body);\r\n\r\n    res.sendStatus(204);\r\n  }\r\n);\r\n\r\nexport default router;\r\n"]},"_coverageSchema":"1a1c01bbd47fc00a2c39e90264f33305004495a9","hash":"649d199f2ea9f85125aece406cd39acb96013292","contentHash":"dd3a23e74db681fe04133cbd4bb8ddce8d903e1b16322a4bd99a264182c6f3ae"},"C:\\Users\\Radovic\\OneDrive\\Documents\\GitHub\\QA\\backend\\banktransfer-routes.ts":{"path":"C:\\Users\\Radovic\\OneDrive\\Documents\\GitHub\\QA\\backend\\banktransfer-routes.ts","statementMap":{"0":{"start":{"line":3,"column":22},"end":{"line":5,"column":1}},"1":{"start":{"line":4,"column":4},"end":{"line":4,"column":62}},"2":{"start":{"line":6,"column":0},"end":{"line":6,"column":62}},"3":{"start":{"line":7,"column":16},"end":{"line":7,"column":51}},"4":{"start":{"line":8,"column":17},"end":{"line":8,"column":38}},"5":{"start":{"line":9,"column":16},"end":{"line":9,"column":36}},"6":{"start":{"line":10,"column":13},"end":{"line":10,"column":39}},"7":{"start":{"line":13,"column":0},"end":{"line":19,"column":3}},"8":{"start":{"line":17,"column":4},"end":{"line":17,"column":20}},"9":{"start":{"line":18,"column":4},"end":{"line":18,"column":39}},"10":{"start":{"line":20,"column":0},"end":{"line":20,"column":25}}},"fnMap":{"0":{"name":"(anonymous_0)","decl":{"start":{"line":3,"column":56},"end":{"line":3,"column":57}},"loc":{"start":{"line":3,"column":71},"end":{"line":5,"column":1}},"line":3},"1":{"name":"(anonymous_1)","decl":{"start":{"line":13,"column":47},"end":{"line":13,"column":48}},"loc":{"start":{"line":13,"column":67},"end":{"line":19,"column":1}},"line":13}},"branchMap":{"0":{"loc":{"start":{"line":3,"column":22},"end":{"line":5,"column":1}},"type":"binary-expr","locations":[{"start":{"line":3,"column":23},"end":{"line":3,"column":27}},{"start":{"line":3,"column":31},"end":{"line":3,"column":51}},{"start":{"line":3,"column":56},"end":{"line":5,"column":1}}],"line":3},"1":{"loc":{"start":{"line":4,"column":11},"end":{"line":4,"column":61}},"type":"cond-expr","locations":[{"start":{"line":4,"column":37},"end":{"line":4,"column":40}},{"start":{"line":4,"column":43},"end":{"line":4,"column":61}}],"line":4},"2":{"loc":{"start":{"line":4,"column":12},"end":{"line":4,"column":33}},"type":"binary-expr","locations":[{"start":{"line":4,"column":12},"end":{"line":4,"column":15}},{"start":{"line":4,"column":19},"end":{"line":4,"column":33}}],"line":4}},"s":{"0":1,"1":1,"2":1,"3":1,"4":1,"5":1,"6":1,"7":1,"8":0,"9":0,"10":1},"f":{"0":1,"1":0},"b":{"0":[1,1,1],"1":[0,1],"2":[1,1]},"inputSourceMap":{"version":3,"file":"C:/Users/Radovic/OneDrive/Documents/GitHub/QA/backend/banktransfer-routes.ts","sources":["C:/Users/Radovic/OneDrive/Documents/GitHub/QA/backend/banktransfer-routes.ts"],"names":[],"mappings":";AAAA,gCAAgC;;;;;AAEhC,oDAA8B;AAE9B,uCAAsD;AACtD,qCAAgD;AAChD,IAAM,MAAM,GAAG,iBAAO,CAAC,MAAM,EAAE,CAAC;AAEhC,SAAS;AAET,kCAAkC;AAClC,MAAM,CAAC,GAAG,CAAC,GAAG,EAAE,6BAAmB,EAAE,UAAC,GAAG,EAAE,GAAG;;IAC5C,0BAA0B;IAC1B,IAAM,SAAS,GAAG,IAAA,mCAAwB,EAAC,MAAA,GAAG,CAAC,IAAI,0CAAE,EAAG,CAAC,CAAC;IAE1D,GAAG,CAAC,MAAM,CAAC,GAAG,CAAC,CAAC;IAChB,GAAG,CAAC,IAAI,CAAC,EAAE,SAAS,WAAA,EAAE,CAAC,CAAC;AAC1B,CAAC,CAAC,CAAC;AAEH,kBAAe,MAAM,CAAC","sourcesContent":["///<reference path=\"types.ts\" />\r\n\r\nimport express from \"express\";\r\n\r\nimport { getBankTransfersByUserId } from \"./database\";\r\nimport { ensureAuthenticated } from \"./helpers\";\r\nconst router = express.Router();\r\n\r\n// Routes\r\n\r\n//GET /bankTransfers (scoped-user)\r\nrouter.get(\"/\", ensureAuthenticated, (req, res) => {\r\n  /* istanbul ignore next */\r\n  const transfers = getBankTransfersByUserId(req.user?.id!);\r\n\r\n  res.status(200);\r\n  res.json({ transfers });\r\n});\r\n\r\nexport default router;\r\n"]},"_coverageSchema":"1a1c01bbd47fc00a2c39e90264f33305004495a9","hash":"61e10c691586594d0f01fc813f30299a8f1734ff","contentHash":"654d617e7e12dede3e6a7e81f2de41e64e263b3f53bf82148d59312595f0b4ed"},"C:\\Users\\Radovic\\OneDrive\\Documents\\GitHub\\QA\\backend\\testdata-routes.ts":{"path":"C:\\Users\\Radovic\\OneDrive\\Documents\\GitHub\\QA\\backend\\testdata-routes.ts","statementMap":{"0":{"start":{"line":3,"column":20},"end":{"line":11,"column":1}},"1":{"start":{"line":4,"column":4},"end":{"line":9,"column":5}},"2":{"start":{"line":4,"column":40},"end":{"line":9,"column":5}},"3":{"start":{"line":4,"column":53},"end":{"line":4,"column":54}},"4":{"start":{"line":4,"column":60},"end":{"line":4,"column":71}},"5":{"start":{"line":5,"column":8},"end":{"line":8,"column":9}},"6":{"start":{"line":6,"column":12},"end":{"line":6,"column":65}},"7":{"start":{"line":6,"column":21},"end":{"line":6,"column":65}},"8":{"start":{"line":7,"column":12},"end":{"line":7,"column":28}},"9":{"start":{"line":10,"column":4},"end":{"line":10,"column":61}},"10":{"start":{"line":12,"column":22},"end":{"line":14,"column":1}},"11":{"start":{"line":13,"column":4},"end":{"line":13,"column":62}},"12":{"start":{"line":15,"column":0},"end":{"line":15,"column":62}},"13":{"start":{"line":16,"column":16},"end":{"line":16,"column":51}},"14":{"start":{"line":17,"column":17},"end":{"line":17,"column":38}},"15":{"start":{"line":18,"column":16},"end":{"line":18,"column":36}},"16":{"start":{"line":19,"column":19},"end":{"line":19,"column":42}},"17":{"start":{"line":20,"column":13},"end":{"line":20,"column":39}},"18":{"start":{"line":23,"column":0},"end":{"line":26,"column":3}},"19":{"start":{"line":24,"column":4},"end":{"line":24,"column":35}},"20":{"start":{"line":25,"column":4},"end":{"line":25,"column":24}},"21":{"start":{"line":28,"column":0},"end":{"line":33,"column":3}},"22":{"start":{"line":29,"column":17},"end":{"line":29,"column":34}},"23":{"start":{"line":30,"column":18},"end":{"line":30,"column":57}},"24":{"start":{"line":31,"column":4},"end":{"line":31,"column":20}},"25":{"start":{"line":32,"column":4},"end":{"line":32,"column":35}},"26":{"start":{"line":34,"column":0},"end":{"line":34,"column":25}}},"fnMap":{"0":{"name":"(anonymous_0)","decl":{"start":{"line":3,"column":52},"end":{"line":3,"column":53}},"loc":{"start":{"line":3,"column":78},"end":{"line":11,"column":1}},"line":3},"1":{"name":"(anonymous_1)","decl":{"start":{"line":12,"column":56},"end":{"line":12,"column":57}},"loc":{"start":{"line":12,"column":71},"end":{"line":14,"column":1}},"line":12},"2":{"name":"(anonymous_2)","decl":{"start":{"line":23,"column":21},"end":{"line":23,"column":22}},"loc":{"start":{"line":23,"column":41},"end":{"line":26,"column":1}},"line":23},"3":{"name":"(anonymous_3)","decl":{"start":{"line":28,"column":120},"end":{"line":28,"column":121}},"loc":{"start":{"line":28,"column":140},"end":{"line":33,"column":1}},"line":28}},"branchMap":{"0":{"loc":{"start":{"line":3,"column":20},"end":{"line":11,"column":1}},"type":"binary-expr","locations":[{"start":{"line":3,"column":21},"end":{"line":3,"column":25}},{"start":{"line":3,"column":29},"end":{"line":3,"column":47}},{"start":{"line":3,"column":52},"end":{"line":11,"column":1}}],"line":3},"1":{"loc":{"start":{"line":4,"column":4},"end":{"line":9,"column":5}},"type":"if","locations":[{"start":{"line":4,"column":4},"end":{"line":9,"column":5}},{"start":{"line":4,"column":4},"end":{"line":9,"column":5}}],"line":4},"2":{"loc":{"start":{"line":4,"column":8},"end":{"line":4,"column":38}},"type":"binary-expr","locations":[{"start":{"line":4,"column":8},"end":{"line":4,"column":12}},{"start":{"line":4,"column":16},"end":{"line":4,"column":38}}],"line":4},"3":{"loc":{"start":{"line":5,"column":8},"end":{"line":8,"column":9}},"type":"if","locations":[{"start":{"line":5,"column":8},"end":{"line":8,"column":9}},{"start":{"line":5,"column":8},"end":{"line":8,"column":9}}],"line":5},"4":{"loc":{"start":{"line":5,"column":12},"end":{"line":5,"column":30}},"type":"binary-expr","locations":[{"start":{"line":5,"column":12},"end":{"line":5,"column":14}},{"start":{"line":5,"column":18},"end":{"line":5,"column":30}}],"line":5},"5":{"loc":{"start":{"line":6,"column":12},"end":{"line":6,"column":65}},"type":"if","locations":[{"start":{"line":6,"column":12},"end":{"line":6,"column":65}},{"start":{"line":6,"column":12},"end":{"line":6,"column":65}}],"line":6},"6":{"loc":{"start":{"line":10,"column":21},"end":{"line":10,"column":59}},"type":"binary-expr","locations":[{"start":{"line":10,"column":21},"end":{"line":10,"column":23}},{"start":{"line":10,"column":27},"end":{"line":10,"column":59}}],"line":10},"7":{"loc":{"start":{"line":12,"column":22},"end":{"line":14,"column":1}},"type":"binary-expr","locations":[{"start":{"line":12,"column":23},"end":{"line":12,"column":27}},{"start":{"line":12,"column":31},"end":{"line":12,"column":51}},{"start":{"line":12,"column":56},"end":{"line":14,"column":1}}],"line":12},"8":{"loc":{"start":{"line":13,"column":11},"end":{"line":13,"column":61}},"type":"cond-expr","locations":[{"start":{"line":13,"column":37},"end":{"line":13,"column":40}},{"start":{"line":13,"column":43},"end":{"line":13,"column":61}}],"line":13},"9":{"loc":{"start":{"line":13,"column":12},"end":{"line":13,"column":33}},"type":"binary-expr","locations":[{"start":{"line":13,"column":12},"end":{"line":13,"column":15}},{"start":{"line":13,"column":19},"end":{"line":13,"column":33}}],"line":13}},"s":{"0":1,"1":1,"2":1,"3":1,"4":1,"5":1,"6":0,"7":0,"8":0,"9":1,"10":1,"11":1,"12":1,"13":1,"14":1,"15":1,"16":1,"17":1,"18":1,"19":0,"20":0,"21":1,"22":0,"23":0,"24":0,"25":0,"26":1},"f":{"0":1,"1":1,"2":0,"3":0},"b":{"0":[1,1,1],"1":[1,0],"2":[1,0],"3":[0,1],"4":[1,1],"5":[0,0],"6":[1,1],"7":[1,1,1],"8":[0,1],"9":[1,1]},"inputSourceMap":{"version":3,"file":"C:/Users/Radovic/OneDrive/Documents/GitHub/QA/backend/testdata-routes.ts","sources":["C:/Users/Radovic/OneDrive/Documents/GitHub/QA/backend/testdata-routes.ts"],"names":[],"mappings":";AAAA,gCAAgC;;;;;;;;;;;;;;AAEhC,oDAA8B;AAC9B,uCAA2D;AAC3D,qCAA+C;AAC/C,2CAAsD;AAEtD,IAAM,MAAM,GAAG,iBAAO,CAAC,MAAM,EAAE,CAAC;AAEhC,SAAS;AAET,qBAAqB;AACrB,MAAM,CAAC,IAAI,CAAC,OAAO,EAAE,UAAC,GAAG,EAAE,GAAG;IAC5B,IAAA,uBAAY,GAAE,CAAC;IACf,GAAG,CAAC,UAAU,CAAC,GAAG,CAAC,CAAC;AACtB,CAAC,CAAC,CAAC;AAEH,uBAAuB;AACvB,MAAM,CAAC,GAAG,CAAC,UAAU,EAAE,IAAA,4BAAkB,oBAAK,mCAAsB,QAAE,EAAE,UAAC,GAAG,EAAE,GAAG;IACvE,IAAA,MAAM,GAAK,GAAG,CAAC,MAAM,OAAf,CAAgB;IAC9B,IAAM,OAAO,GAAG,IAAA,0BAAe,EAAC,MAAwB,CAAC,CAAC;IAE1D,GAAG,CAAC,MAAM,CAAC,GAAG,CAAC,CAAC;IAChB,GAAG,CAAC,IAAI,CAAC,EAAE,OAAO,SAAA,EAAE,CAAC,CAAC;AACxB,CAAC,CAAC,CAAC;AAEH,kBAAe,MAAM,CAAC","sourcesContent":["///<reference path=\"types.ts\" />\r\n\r\nimport express from \"express\";\r\nimport { getAllForEntity, seedDatabase } from \"./database\";\r\nimport { validateMiddleware } from \"./helpers\";\r\nimport { isValidEntityValidator } from \"./validators\";\r\nimport { DbSchema } from \"../src/models/db-schema\";\r\nconst router = express.Router();\r\n\r\n// Routes\r\n\r\n//POST /testData/seed\r\nrouter.post(\"/seed\", (req, res) => {\r\n  seedDatabase();\r\n  res.sendStatus(200);\r\n});\r\n\r\n//GET /testData/:entity\r\nrouter.get(\"/:entity\", validateMiddleware([...isValidEntityValidator]), (req, res) => {\r\n  const { entity } = req.params;\r\n  const results = getAllForEntity(entity as keyof DbSchema);\r\n\r\n  res.status(200);\r\n  res.json({ results });\r\n});\r\n\r\nexport default router;\r\n"]},"_coverageSchema":"1a1c01bbd47fc00a2c39e90264f33305004495a9","hash":"3d00b79c7c8c1058d4bc8cf61a3795e9e71ab16c","contentHash":"205cbb524741b9ba66cdfec620ea40305d4e8a6575876d0334322c7b74f20ae9"},"C:\\Users\\Radovic\\OneDrive\\Documents\\GitHub\\QA\\backend\\graphql\\resolvers\\index.ts":{"path":"C:\\Users\\Radovic\\OneDrive\\Documents\\GitHub\\QA\\backend\\graphql\\resolvers\\index.ts","statementMap":{"0":{"start":{"line":2,"column":22},"end":{"line":4,"column":1}},"1":{"start":{"line":3,"column":4},"end":{"line":3,"column":62}},"2":{"start":{"line":5,"column":0},"end":{"line":5,"column":62}},"3":{"start":{"line":6,"column":14},"end":{"line":6,"column":49}},"4":{"start":{"line":7,"column":17},"end":{"line":7,"column":55}},"5":{"start":{"line":8,"column":12},"end":{"line":11,"column":1}},"6":{"start":{"line":12,"column":0},"end":{"line":12,"column":24}}},"fnMap":{"0":{"name":"(anonymous_0)","decl":{"start":{"line":2,"column":56},"end":{"line":2,"column":57}},"loc":{"start":{"line":2,"column":71},"end":{"line":4,"column":1}},"line":2}},"branchMap":{"0":{"loc":{"start":{"line":2,"column":22},"end":{"line":4,"column":1}},"type":"binary-expr","locations":[{"start":{"line":2,"column":23},"end":{"line":2,"column":27}},{"start":{"line":2,"column":31},"end":{"line":2,"column":51}},{"start":{"line":2,"column":56},"end":{"line":4,"column":1}}],"line":2},"1":{"loc":{"start":{"line":3,"column":11},"end":{"line":3,"column":61}},"type":"cond-expr","locations":[{"start":{"line":3,"column":37},"end":{"line":3,"column":40}},{"start":{"line":3,"column":43},"end":{"line":3,"column":61}}],"line":3},"2":{"loc":{"start":{"line":3,"column":12},"end":{"line":3,"column":33}},"type":"binary-expr","locations":[{"start":{"line":3,"column":12},"end":{"line":3,"column":15}},{"start":{"line":3,"column":19},"end":{"line":3,"column":33}}],"line":3}},"s":{"0":1,"1":2,"2":1,"3":1,"4":1,"5":1,"6":1},"f":{"0":2},"b":{"0":[1,1,1],"1":[2,0],"2":[2,2]},"inputSourceMap":{"version":3,"file":"C:/Users/Radovic/OneDrive/Documents/GitHub/QA/backend/graphql/resolvers/index.ts","sources":["C:/Users/Radovic/OneDrive/Documents/GitHub/QA/backend/graphql/resolvers/index.ts"],"names":[],"mappings":";;;;;AAAA,kDAA4B;AAC5B,wDAAkC;AAElC,IAAM,KAAK,GAAG;IACZ,KAAK,iBAAA;IACL,QAAQ,oBAAA;CACT,CAAC;AAEF,kBAAe,KAAK,CAAC","sourcesContent":["import Query from \"./Query\";\r\nimport Mutation from \"./Mutation\";\r\n\r\nconst items = {\r\n  Query,\r\n  Mutation,\r\n};\r\n\r\nexport default items;\r\n"]},"_coverageSchema":"1a1c01bbd47fc00a2c39e90264f33305004495a9","hash":"b45afe30d4d75936245dbd62b06084b1a9a7a4d5","contentHash":"b589bd96593f3133852be6dd86c56df72fcfb7d8862113a2e026199c51441dd8"},"C:\\Users\\Radovic\\OneDrive\\Documents\\GitHub\\QA\\backend\\graphql\\resolvers\\Query.ts":{"path":"C:\\Users\\Radovic\\OneDrive\\Documents\\GitHub\\QA\\backend\\graphql\\resolvers\\Query.ts","statementMap":{"0":{"start":{"line":2,"column":0},"end":{"line":2,"column":62}},"1":{"start":{"line":3,"column":17},"end":{"line":3,"column":42}},"2":{"start":{"line":4,"column":12},"end":{"line":17,"column":1}},"3":{"start":{"line":18,"column":0},"end":{"line":18,"column":24}}},"fnMap":{"0":{"name":"(anonymous_0)","decl":{"start":{"line":5,"column":21},"end":{"line":5,"column":22}},"loc":{"start":{"line":5,"column":47},"end":{"line":16,"column":5}},"line":5}},"branchMap":{},"s":{"0":1,"1":1,"2":1,"3":1},"f":{"0":0},"b":{},"inputSourceMap":{"version":3,"file":"C:/Users/Radovic/OneDrive/Documents/GitHub/QA/backend/graphql/resolvers/Query.ts","sources":["C:/Users/Radovic/OneDrive/Documents/GitHub/QA/backend/graphql/resolvers/Query.ts"],"names":[],"mappings":";;AAAA,2CAAyD;AAEzD,IAAM,KAAK,GAAG;IACZ,eAAe,EAAf,UAAgB,GAAQ,EAAE,IAAS,EAAE,GAAQ;QAC3C,0BAA0B;QAC1B,IAAI;YACF,IAAM,QAAQ,GAAG,IAAA,kCAAuB,EAAC,GAAG,CAAC,IAAI,CAAC,EAAG,CAAC,CAAC;YAEvD,OAAO,QAAQ,CAAC;YAChB,0BAA0B;SAC3B;QAAC,OAAO,GAAQ,EAAE;YACjB,0BAA0B;YAC1B,MAAM,IAAI,KAAK,CAAC,GAAG,CAAC,CAAC;SACtB;IACH,CAAC;CACF,CAAC;AAEF,kBAAe,KAAK,CAAC","sourcesContent":["import { getBankAccountsByUserId } from \"../../database\";\r\n\r\nconst Query = {\r\n  listBankAccount(obj: any, args: any, ctx: any) {\r\n    /* istanbul ignore next */\r\n    try {\r\n      const accounts = getBankAccountsByUserId(ctx.user.id!);\r\n\r\n      return accounts;\r\n      /* istanbul ignore next */\r\n    } catch (err: any) {\r\n      /* istanbul ignore next */\r\n      throw new Error(err);\r\n    }\r\n  },\r\n};\r\n\r\nexport default Query;\r\n"]},"_coverageSchema":"1a1c01bbd47fc00a2c39e90264f33305004495a9","hash":"599bba2d039c0838d63e48b083f6b197ec81c284","contentHash":"53a7aa6915a3ca6e13ae4c2faf2ca2c878a920750395149c4c9560580f3743a6"},"C:\\Users\\Radovic\\OneDrive\\Documents\\GitHub\\QA\\backend\\graphql\\resolvers\\Mutation.ts":{"path":"C:\\Users\\Radovic\\OneDrive\\Documents\\GitHub\\QA\\backend\\graphql\\resolvers\\Mutation.ts","statementMap":{"0":{"start":{"line":2,"column":0},"end":{"line":2,"column":62}},"1":{"start":{"line":3,"column":17},"end":{"line":3,"column":42}},"2":{"start":{"line":4,"column":15},"end":{"line":13,"column":1}},"3":{"start":{"line":6,"column":22},"end":{"line":6,"column":81}},"4":{"start":{"line":7,"column":8},"end":{"line":7,"column":23}},"5":{"start":{"line":10,"column":8},"end":{"line":10,"column":55}},"6":{"start":{"line":11,"column":8},"end":{"line":11,"column":20}},"7":{"start":{"line":14,"column":0},"end":{"line":14,"column":27}}},"fnMap":{"0":{"name":"(anonymous_0)","decl":{"start":{"line":5,"column":23},"end":{"line":5,"column":24}},"loc":{"start":{"line":5,"column":49},"end":{"line":8,"column":5}},"line":5},"1":{"name":"(anonymous_1)","decl":{"start":{"line":9,"column":23},"end":{"line":9,"column":24}},"loc":{"start":{"line":9,"column":49},"end":{"line":12,"column":5}},"line":9}},"branchMap":{},"s":{"0":1,"1":1,"2":1,"3":0,"4":0,"5":0,"6":0,"7":1},"f":{"0":0,"1":0},"b":{},"inputSourceMap":{"version":3,"file":"C:/Users/Radovic/OneDrive/Documents/GitHub/QA/backend/graphql/resolvers/Mutation.ts","sources":["C:/Users/Radovic/OneDrive/Documents/GitHub/QA/backend/graphql/resolvers/Mutation.ts"],"names":[],"mappings":";;AAAA,2CAAiF;AAEjF,IAAM,QAAQ,GAAG;IACf,iBAAiB,EAAE,UAAC,GAAQ,EAAE,IAAS,EAAE,GAAQ;QAC/C,IAAM,OAAO,GAAG,IAAA,mCAAwB,EAAC,GAAG,CAAC,IAAI,CAAC,EAAG,EAAE,IAAI,CAAC,CAAC;QAC7D,OAAO,OAAO,CAAC;IACjB,CAAC;IACD,iBAAiB,EAAE,UAAC,GAAQ,EAAE,IAAS,EAAE,GAAQ;QAC/C,IAAA,gCAAqB,EAAC,IAAI,CAAC,EAAE,CAAC,CAAC;QAC/B,OAAO,IAAI,CAAC;IACd,CAAC;CACF,CAAC;AAEF,kBAAe,QAAQ,CAAC","sourcesContent":["import { createBankAccountForUser, removeBankAccountById } from \"../../database\";\r\n\r\nconst Mutation = {\r\n  createBankAccount: (obj: any, args: any, ctx: any) => {\r\n    const account = createBankAccountForUser(ctx.user.id!, args);\r\n    return account;\r\n  },\r\n  deleteBankAccount: (obj: any, args: any, ctx: any) => {\r\n    removeBankAccountById(args.id);\r\n    return true;\r\n  },\r\n};\r\n\r\nexport default Mutation;\r\n"]},"_coverageSchema":"1a1c01bbd47fc00a2c39e90264f33305004495a9","hash":"5bed23073fbcd5c6765783ef3c58b87d40d03c48","contentHash":"4ead1e3f0958ded26efa3ce22e14135dde838c0c8cc6426aa1407769d4305653"},"C:\\Users\\Radovic\\OneDrive\\Documents\\GitHub\\QA\\src\\utils\\portUtils.ts":{"path":"C:\\Users\\Radovic\\OneDrive\\Documents\\GitHub\\QA\\src\\utils\\portUtils.ts","statementMap":{"0":{"start":{"line":2,"column":0},"end":{"line":2,"column":62}},"1":{"start":{"line":3,"column":0},"end":{"line":3,"column":52}},"2":{"start":{"line":4,"column":0},"end":{"line":4,"column":27}},"3":{"start":{"line":5,"column":0},"end":{"line":5,"column":40}},"4":{"start":{"line":6,"column":0},"end":{"line":6,"column":57}}},"fnMap":{},"branchMap":{},"s":{"0":1,"1":1,"2":1,"3":1,"4":1},"f":{},"b":{},"inputSourceMap":{"version":3,"file":"C:/Users/Radovic/OneDrive/Documents/GitHub/QA/src/utils/portUtils.ts","sources":["C:/Users/Radovic/OneDrive/Documents/GitHub/QA/src/utils/portUtils.ts"],"names":[],"mappings":";;;AAAA,OAAO,CAAC,QAAQ,CAAC,CAAC,MAAM,EAAE,CAAC;AAEd,QAAA,YAAY,GAAG,OAAO,CAAC,GAAG,CAAC,IAAI,CAAC;AAChC,QAAA,WAAW,GAAG,OAAO,CAAC,GAAG,CAAC,sBAAsB,CAAC","sourcesContent":["require(\"dotenv\").config();\r\n\r\nexport const frontendPort = process.env.PORT;\r\nexport const backendPort = process.env.REACT_APP_BACKEND_PORT;\r\n"]},"_coverageSchema":"1a1c01bbd47fc00a2c39e90264f33305004495a9","hash":"6d001b8d41a9a2cf3edcaa3e17ee16db981e0655","contentHash":"09123f658de2a6a53bc380ead3a787c4998a46ade647f288dc0df93f806edacd"}}